2022-05-19T05:30:30.4921380Z ##[group]Run actions/setup-node@v3
2022-05-19T05:30:30.4921950Z with:
2022-05-19T05:30:30.4922130Z   cache: npm
2022-05-19T05:30:30.4922330Z   always-auth: false
2022-05-19T05:30:30.4922530Z   check-latest: false
2022-05-19T05:30:30.4922980Z   token: ***
2022-05-19T05:30:30.4923180Z ##[endgroup]
2022-05-19T05:30:30.7764770Z [command]/usr/local/bin/npm config get cache
2022-05-19T05:30:31.2372390Z /Users/aswinm/.npm
2022-05-19T05:30:34.4328060Z Received 0 of 523237958 (0.0%), 0.0 MBs/sec
2022-05-19T05:30:35.4326050Z Received 0 of 523237958 (0.0%), 0.0 MBs/sec
2022-05-19T05:30:36.4334720Z Received 0 of 523237958 (0.0%), 0.0 MBs/sec
2022-05-19T05:30:37.4379790Z Received 0 of 523237958 (0.0%), 0.0 MBs/sec
2022-05-19T05:30:38.4377500Z Received 4194304 of 523237958 (0.8%), 0.8 MBs/sec
2022-05-19T05:30:39.4373670Z Received 4194304 of 523237958 (0.8%), 0.7 MBs/sec
2022-05-19T05:30:40.4373920Z Received 8388608 of 523237958 (1.6%), 1.1 MBs/sec
2022-05-19T05:30:41.4374770Z Received 12582912 of 523237958 (2.4%), 1.5 MBs/sec
2022-05-19T05:30:42.4382260Z Received 25165824 of 523237958 (4.8%), 2.7 MBs/sec
2022-05-19T05:30:43.4385200Z Received 29360128 of 523237958 (5.6%), 2.8 MBs/sec
2022-05-19T05:30:44.4382880Z Received 29360128 of 523237958 (5.6%), 2.5 MBs/sec
2022-05-19T05:30:45.4382060Z Received 33554432 of 523237958 (6.4%), 2.7 MBs/sec
2022-05-19T05:30:46.4381810Z Received 33554432 of 523237958 (6.4%), 2.5 MBs/sec
2022-05-19T05:30:47.4402050Z Received 37748736 of 523237958 (7.2%), 2.6 MBs/sec
2022-05-19T05:30:48.4401740Z Received 37748736 of 523237958 (7.2%), 2.4 MBs/sec
2022-05-19T05:30:49.4401320Z Received 46137344 of 523237958 (8.8%), 2.7 MBs/sec
2022-05-19T05:30:50.4425270Z Received 54525952 of 523237958 (10.4%), 3.1 MBs/sec
2022-05-19T05:30:51.4428160Z Received 58720256 of 523237958 (11.2%), 3.1 MBs/sec
2022-05-19T05:30:52.4439960Z Received 58720256 of 523237958 (11.2%), 2.9 MBs/sec
2022-05-19T05:30:53.4452860Z Received 58720256 of 523237958 (11.2%), 2.8 MBs/sec
2022-05-19T05:30:54.4454580Z Received 58720256 of 523237958 (11.2%), 2.7 MBs/sec
2022-05-19T05:30:55.4459990Z Received 71303168 of 523237958 (13.6%), 3.1 MBs/sec
2022-05-19T05:30:56.4459690Z Received 75497472 of 523237958 (14.4%), 3.1 MBs/sec
2022-05-19T05:30:57.4477160Z Received 83886080 of 523237958 (16.0%), 3.3 MBs/sec
2022-05-19T05:30:58.4476970Z Received 88080384 of 523237958 (16.8%), 3.4 MBs/sec
2022-05-19T05:30:59.4484020Z Received 88080384 of 523237958 (16.8%), 3.2 MBs/sec
2022-05-19T05:31:00.4513210Z Received 92274688 of 523237958 (17.6%), 3.3 MBs/sec
2022-05-19T05:31:01.4510790Z Received 92274688 of 523237958 (17.6%), 3.1 MBs/sec
2022-05-19T05:31:02.4516250Z Received 92274688 of 523237958 (17.6%), 3.0 MBs/sec
2022-05-19T05:31:03.4515720Z Received 92274688 of 523237958 (17.6%), 2.9 MBs/sec
2022-05-19T05:31:04.4517170Z Received 96468992 of 523237958 (18.4%), 3.0 MBs/sec
2022-05-19T05:31:05.4526570Z Received 96468992 of 523237958 (18.4%), 2.9 MBs/sec
2022-05-19T05:31:06.4529060Z Received 96468992 of 523237958 (18.4%), 2.8 MBs/sec
2022-05-19T05:31:07.4542840Z Received 96468992 of 523237958 (18.4%), 2.7 MBs/sec
2022-05-19T05:31:08.4605310Z Received 104857600 of 523237958 (20.0%), 2.9 MBs/sec
2022-05-19T05:31:09.4570630Z Received 113246208 of 523237958 (21.6%), 3.0 MBs/sec
2022-05-19T05:31:10.4565550Z Received 113246208 of 523237958 (21.6%), 2.9 MBs/sec
2022-05-19T05:31:11.4590040Z Received 117440512 of 523237958 (22.4%), 2.9 MBs/sec
2022-05-19T05:31:12.4591990Z Received 121634816 of 523237958 (23.2%), 3.0 MBs/sec
2022-05-19T05:31:13.4596240Z Received 125829120 of 523237958 (24.0%), 3.0 MBs/sec
2022-05-19T05:31:14.4594560Z Received 125829120 of 523237958 (24.0%), 2.9 MBs/sec
2022-05-19T05:31:15.4591970Z Received 130023424 of 523237958 (24.8%), 3.0 MBs/sec
2022-05-19T05:31:16.4594200Z Received 134217728 of 523237958 (25.7%), 3.0 MBs/sec
2022-05-19T05:31:17.4624160Z Received 134217728 of 523237958 (25.7%), 2.9 MBs/sec
2022-05-19T05:31:18.4621330Z Received 138412032 of 523237958 (26.5%), 2.9 MBs/sec
2022-05-19T05:31:19.4650520Z Received 138412032 of 523237958 (26.5%), 2.9 MBs/sec
2022-05-19T05:31:20.4650370Z Received 138412032 of 523237958 (26.5%), 2.8 MBs/sec
2022-05-19T05:31:21.4693020Z Received 142606336 of 523237958 (27.3%), 2.8 MBs/sec
2022-05-19T05:31:22.4700090Z Received 146800640 of 523237958 (28.1%), 2.9 MBs/sec
2022-05-19T05:31:23.4713830Z Received 150994944 of 523237958 (28.9%), 2.9 MBs/sec
2022-05-19T05:31:24.4745000Z Received 155189248 of 523237958 (29.7%), 2.9 MBs/sec
2022-05-19T05:31:25.4766480Z Received 163577856 of 523237958 (31.3%), 3.0 MBs/sec
2022-05-19T05:31:26.4758770Z Received 163577856 of 523237958 (31.3%), 2.9 MBs/sec
2022-05-19T05:31:27.4792990Z Received 163577856 of 523237958 (31.3%), 2.9 MBs/sec
2022-05-19T05:31:28.4798460Z Received 163577856 of 523237958 (31.3%), 2.8 MBs/sec
2022-05-19T05:31:29.4802550Z Received 171966464 of 523237958 (32.9%), 2.9 MBs/sec
2022-05-19T05:31:30.4809910Z Received 180355072 of 523237958 (34.5%), 3.0 MBs/sec
2022-05-19T05:31:31.4817570Z Received 180355072 of 523237958 (34.5%), 3.0 MBs/sec
2022-05-19T05:31:32.4815560Z Received 180355072 of 523237958 (34.5%), 2.9 MBs/sec
2022-05-19T05:31:33.4831600Z Received 180355072 of 523237958 (34.5%), 2.9 MBs/sec
2022-05-19T05:31:34.4873890Z Received 188743680 of 523237958 (36.1%), 2.9 MBs/sec
2022-05-19T05:31:35.4874310Z Received 188743680 of 523237958 (36.1%), 2.9 MBs/sec
2022-05-19T05:31:36.4899530Z Received 188743680 of 523237958 (36.1%), 2.9 MBs/sec
2022-05-19T05:31:37.4944930Z Received 188743680 of 523237958 (36.1%), 2.8 MBs/sec
2022-05-19T05:31:38.4944300Z Received 197132288 of 523237958 (37.7%), 2.9 MBs/sec
2022-05-19T05:31:39.5987560Z Received 197132288 of 523237958 (37.7%), 2.8 MBs/sec
2022-05-19T05:31:40.5990870Z Received 205520896 of 523237958 (39.3%), 2.9 MBs/sec
2022-05-19T05:31:41.5982840Z Received 209715200 of 523237958 (40.1%), 2.9 MBs/sec
2022-05-19T05:31:42.5994850Z Received 209715200 of 523237958 (40.1%), 2.9 MBs/sec
2022-05-19T05:31:43.6002680Z Received 218103808 of 523237958 (41.7%), 3.0 MBs/sec
2022-05-19T05:31:44.5995870Z Received 218103808 of 523237958 (41.7%), 2.9 MBs/sec
2022-05-19T05:31:45.5992220Z Received 218103808 of 523237958 (41.7%), 2.9 MBs/sec
2022-05-19T05:31:46.5994120Z Received 226492416 of 523237958 (43.3%), 3.0 MBs/sec
2022-05-19T05:31:47.5996640Z Received 226492416 of 523237958 (43.3%), 2.9 MBs/sec
2022-05-19T05:31:48.5992690Z Received 230686720 of 523237958 (44.1%), 2.9 MBs/sec
2022-05-19T05:31:49.6004570Z Received 243269632 of 523237958 (46.5%), 3.0 MBs/sec
2022-05-19T05:31:50.6010660Z Received 243269632 of 523237958 (46.5%), 3.0 MBs/sec
2022-05-19T05:31:51.6010650Z Received 243269632 of 523237958 (46.5%), 3.0 MBs/sec
2022-05-19T05:31:52.6021290Z Received 251658240 of 523237958 (48.1%), 3.0 MBs/sec
2022-05-19T05:31:53.6024530Z Received 255852544 of 523237958 (48.9%), 3.0 MBs/sec
2022-05-19T05:31:54.6025930Z Received 255852544 of 523237958 (48.9%), 3.0 MBs/sec
2022-05-19T05:31:55.6038300Z Received 264241152 of 523237958 (50.5%), 3.1 MBs/sec
2022-05-19T05:31:56.6036660Z Received 272629760 of 523237958 (52.1%), 3.1 MBs/sec
2022-05-19T05:31:57.6036830Z Received 276824064 of 523237958 (52.9%), 3.1 MBs/sec
2022-05-19T05:31:58.6039680Z Received 276824064 of 523237958 (52.9%), 3.1 MBs/sec
2022-05-19T05:31:59.6036110Z Received 276824064 of 523237958 (52.9%), 3.1 MBs/sec
2022-05-19T05:32:00.6036520Z Received 281018368 of 523237958 (53.7%), 3.1 MBs/sec
2022-05-19T05:32:01.6070720Z Received 285212672 of 523237958 (54.5%), 3.1 MBs/sec
2022-05-19T05:32:02.6074210Z Received 289406976 of 523237958 (55.3%), 3.1 MBs/sec
2022-05-19T05:32:03.6067040Z Received 297795584 of 523237958 (56.9%), 3.1 MBs/sec
2022-05-19T05:32:04.6066870Z Received 297795584 of 523237958 (56.9%), 3.1 MBs/sec
2022-05-19T05:32:05.6077670Z Received 301989888 of 523237958 (57.7%), 3.1 MBs/sec
2022-05-19T05:32:06.6088110Z Received 310378496 of 523237958 (59.3%), 3.2 MBs/sec
2022-05-19T05:32:07.6090590Z Received 310378496 of 523237958 (59.3%), 3.1 MBs/sec
2022-05-19T05:32:08.6085480Z Received 314572800 of 523237958 (60.1%), 3.2 MBs/sec
2022-05-19T05:32:09.6084490Z Received 318767104 of 523237958 (60.9%), 3.2 MBs/sec
2022-05-19T05:32:10.6097930Z Received 318767104 of 523237958 (60.9%), 3.1 MBs/sec
2022-05-19T05:32:11.6098680Z Received 322961408 of 523237958 (61.7%), 3.1 MBs/sec
2022-05-19T05:32:12.6104100Z Received 327155712 of 523237958 (62.5%), 3.1 MBs/sec
2022-05-19T05:32:13.6105050Z Received 331350016 of 523237958 (63.3%), 3.2 MBs/sec
2022-05-19T05:32:14.6110250Z Received 335544320 of 523237958 (64.1%), 3.2 MBs/sec
2022-05-19T05:32:15.6112220Z Received 343932928 of 523237958 (65.7%), 3.2 MBs/sec
2022-05-19T05:32:16.6131450Z Received 348127232 of 523237958 (66.5%), 3.2 MBs/sec
2022-05-19T05:32:17.6138460Z Received 348127232 of 523237958 (66.5%), 3.2 MBs/sec
2022-05-19T05:32:18.6158230Z Received 348127232 of 523237958 (66.5%), 3.2 MBs/sec
2022-05-19T05:32:19.6156050Z Received 352321536 of 523237958 (67.3%), 3.2 MBs/sec
2022-05-19T05:32:20.6165620Z Received 356515840 of 523237958 (68.1%), 3.2 MBs/sec
2022-05-19T05:32:21.6161270Z Received 356515840 of 523237958 (68.1%), 3.1 MBs/sec
2022-05-19T05:32:22.6180000Z Received 356515840 of 523237958 (68.1%), 3.1 MBs/sec
2022-05-19T05:32:23.6184320Z Received 364904448 of 523237958 (69.7%), 3.2 MBs/sec
2022-05-19T05:32:24.6196080Z Received 369098752 of 523237958 (70.5%), 3.2 MBs/sec
2022-05-19T05:32:25.6196390Z Received 377487360 of 523237958 (72.1%), 3.2 MBs/sec
2022-05-19T05:32:26.6188220Z Received 381681664 of 523237958 (72.9%), 3.2 MBs/sec
2022-05-19T05:32:27.6198990Z Received 381681664 of 523237958 (72.9%), 3.2 MBs/sec
2022-05-19T05:32:28.6210670Z Received 381681664 of 523237958 (72.9%), 3.2 MBs/sec
2022-05-19T05:32:29.6243970Z Received 385875968 of 523237958 (73.7%), 3.2 MBs/sec
2022-05-19T05:32:30.6240430Z Received 385875968 of 523237958 (73.7%), 3.1 MBs/sec
2022-05-19T05:32:31.6260540Z Received 390070272 of 523237958 (74.5%), 3.1 MBs/sec
2022-05-19T05:32:32.6255960Z Received 394264576 of 523237958 (75.4%), 3.2 MBs/sec
2022-05-19T05:32:33.6257640Z Received 394264576 of 523237958 (75.4%), 3.1 MBs/sec
2022-05-19T05:32:34.6267520Z Received 398458880 of 523237958 (76.2%), 3.1 MBs/sec
2022-05-19T05:32:35.6312830Z Received 398458880 of 523237958 (76.2%), 3.1 MBs/sec
2022-05-19T05:32:36.6337250Z Received 398458880 of 523237958 (76.2%), 3.1 MBs/sec
2022-05-19T05:32:37.6334640Z Received 398458880 of 523237958 (76.2%), 3.1 MBs/sec
2022-05-19T05:32:38.6366590Z Received 402653184 of 523237958 (77.0%), 3.1 MBs/sec
2022-05-19T05:32:39.6382980Z Received 406847488 of 523237958 (77.8%), 3.1 MBs/sec
2022-05-19T05:32:40.6396130Z Received 406847488 of 523237958 (77.8%), 3.1 MBs/sec
2022-05-19T05:32:41.6435000Z Received 411041792 of 523237958 (78.6%), 3.1 MBs/sec
2022-05-19T05:32:42.6445000Z Received 411041792 of 523237958 (78.6%), 3.0 MBs/sec
2022-05-19T05:32:43.6459560Z Received 411041792 of 523237958 (78.6%), 3.0 MBs/sec
2022-05-19T05:32:44.6503000Z Received 411041792 of 523237958 (78.6%), 3.0 MBs/sec
2022-05-19T05:32:45.6518510Z Received 419430400 of 523237958 (80.2%), 3.0 MBs/sec
2022-05-19T05:32:46.6524470Z Received 419430400 of 523237958 (80.2%), 3.0 MBs/sec
2022-05-19T05:32:47.6537100Z Received 419430400 of 523237958 (80.2%), 3.0 MBs/sec
2022-05-19T05:32:48.6530760Z Received 419430400 of 523237958 (80.2%), 3.0 MBs/sec
2022-05-19T05:32:49.6573460Z Received 423624704 of 523237958 (81.0%), 3.0 MBs/sec
2022-05-19T05:32:50.6583790Z Received 423624704 of 523237958 (81.0%), 2.9 MBs/sec
2022-05-19T05:32:51.6588660Z Received 427819008 of 523237958 (81.8%), 3.0 MBs/sec
2022-05-19T05:32:52.6602820Z Received 436207616 of 523237958 (83.4%), 3.0 MBs/sec
2022-05-19T05:32:53.6613870Z Received 436207616 of 523237958 (83.4%), 3.0 MBs/sec
2022-05-19T05:32:54.6621060Z Received 436207616 of 523237958 (83.4%), 2.9 MBs/sec
2022-05-19T05:32:55.6660050Z Received 436207616 of 523237958 (83.4%), 2.9 MBs/sec
2022-05-19T05:32:56.6677890Z Received 448790528 of 523237958 (85.8%), 3.0 MBs/sec
2022-05-19T05:32:57.6703910Z Received 452984832 of 523237958 (86.6%), 3.0 MBs/sec
2022-05-19T05:32:58.6697670Z Received 457179136 of 523237958 (87.4%), 3.0 MBs/sec
2022-05-19T05:32:59.6698100Z Received 457179136 of 523237958 (87.4%), 3.0 MBs/sec
2022-05-19T05:33:00.6708740Z Received 461373440 of 523237958 (88.2%), 3.0 MBs/sec
2022-05-19T05:33:01.6715660Z Received 469762048 of 523237958 (89.8%), 3.0 MBs/sec
2022-05-19T05:33:02.6741290Z Received 473956352 of 523237958 (90.6%), 3.0 MBs/sec
2022-05-19T05:33:03.6781750Z Received 478150656 of 523237958 (91.4%), 3.0 MBs/sec
2022-05-19T05:33:04.6784970Z Received 478150656 of 523237958 (91.4%), 3.0 MBs/sec
2022-05-19T05:33:05.6791640Z Received 482344960 of 523237958 (92.2%), 3.0 MBs/sec
2022-05-19T05:33:06.6793490Z Received 482344960 of 523237958 (92.2%), 3.0 MBs/sec
2022-05-19T05:33:07.6797700Z Received 486539264 of 523237958 (93.0%), 3.0 MBs/sec
2022-05-19T05:33:08.6799680Z Received 499122176 of 523237958 (95.4%), 3.1 MBs/sec
2022-05-19T05:33:09.6833480Z Received 499122176 of 523237958 (95.4%), 3.0 MBs/sec
2022-05-19T05:33:10.6842490Z Received 499122176 of 523237958 (95.4%), 3.0 MBs/sec
2022-05-19T05:33:11.6837300Z Received 499122176 of 523237958 (95.4%), 3.0 MBs/sec
2022-05-19T05:33:12.6870030Z Received 506460742 of 523237958 (96.8%), 3.0 MBs/sec
2022-05-19T05:33:13.6871350Z Received 510655046 of 523237958 (97.6%), 3.0 MBs/sec
2022-05-19T05:33:14.6900500Z Received 510655046 of 523237958 (97.6%), 3.0 MBs/sec
2022-05-19T05:33:15.6945270Z Received 514849350 of 523237958 (98.4%), 3.0 MBs/sec
2022-05-19T05:33:16.6983240Z Received 514849350 of 523237958 (98.4%), 3.0 MBs/sec
2022-05-19T05:33:17.6991350Z Received 519043654 of 523237958 (99.2%), 3.0 MBs/sec
2022-05-19T05:33:18.7012650Z Received 519043654 of 523237958 (99.2%), 3.0 MBs/sec
2022-05-19T05:33:19.7054760Z Received 519043654 of 523237958 (99.2%), 3.0 MBs/sec
2022-05-19T05:33:20.7098010Z Received 519043654 of 523237958 (99.2%), 3.0 MBs/sec
2022-05-19T05:33:21.7102230Z Received 519043654 of 523237958 (99.2%), 2.9 MBs/sec
2022-05-19T05:33:22.7130070Z Received 519043654 of 523237958 (99.2%), 2.9 MBs/sec
2022-05-19T05:33:23.7148410Z Received 519043654 of 523237958 (99.2%), 2.9 MBs/sec
2022-05-19T05:33:24.7169350Z Received 519043654 of 523237958 (99.2%), 2.9 MBs/sec
2022-05-19T05:33:25.7195630Z Received 519043654 of 523237958 (99.2%), 2.9 MBs/sec
2022-05-19T05:33:26.7236860Z Received 519043654 of 523237958 (99.2%), 2.9 MBs/sec
2022-05-19T05:33:27.7277730Z Received 519043654 of 523237958 (99.2%), 2.8 MBs/sec
2022-05-19T05:33:28.7287440Z Received 519043654 of 523237958 (99.2%), 2.8 MBs/sec
2022-05-19T05:33:29.7294440Z Received 519043654 of 523237958 (99.2%), 2.8 MBs/sec
2022-05-19T05:33:30.7304430Z Received 519043654 of 523237958 (99.2%), 2.8 MBs/sec
2022-05-19T05:33:31.7334080Z Received 519043654 of 523237958 (99.2%), 2.8 MBs/sec
2022-05-19T05:33:32.7375620Z Received 519043654 of 523237958 (99.2%), 2.8 MBs/sec
2022-05-19T05:33:33.7390300Z Received 519043654 of 523237958 (99.2%), 2.7 MBs/sec
2022-05-19T05:33:34.7402480Z Received 519043654 of 523237958 (99.2%), 2.7 MBs/sec
2022-05-19T05:33:35.7430230Z Received 519043654 of 523237958 (99.2%), 2.7 MBs/sec
2022-05-19T05:33:36.7468750Z Received 519043654 of 523237958 (99.2%), 2.7 MBs/sec
2022-05-19T05:33:37.7499650Z Received 519043654 of 523237958 (99.2%), 2.7 MBs/sec
2022-05-19T05:33:38.7507410Z Received 519043654 of 523237958 (99.2%), 2.7 MBs/sec
2022-05-19T05:33:39.7554740Z Received 519043654 of 523237958 (99.2%), 2.7 MBs/sec
2022-05-19T05:33:40.7599330Z Received 519043654 of 523237958 (99.2%), 2.6 MBs/sec
2022-05-19T05:33:41.7635840Z Received 519043654 of 523237958 (99.2%), 2.6 MBs/sec
2022-05-19T05:33:42.7645690Z Received 519043654 of 523237958 (99.2%), 2.6 MBs/sec
2022-05-19T05:33:43.7647370Z Received 519043654 of 523237958 (99.2%), 2.6 MBs/sec
2022-05-19T05:33:44.7670960Z Received 519043654 of 523237958 (99.2%), 2.6 MBs/sec
2022-05-19T05:33:45.7691520Z Received 519043654 of 523237958 (99.2%), 2.6 MBs/sec
2022-05-19T05:33:46.7730490Z Received 519043654 of 523237958 (99.2%), 2.6 MBs/sec
2022-05-19T05:33:47.7741690Z Received 519043654 of 523237958 (99.2%), 2.5 MBs/sec
2022-05-19T05:33:48.7764140Z Received 519043654 of 523237958 (99.2%), 2.5 MBs/sec
2022-05-19T05:33:49.7801620Z Received 519043654 of 523237958 (99.2%), 2.5 MBs/sec
2022-05-19T05:33:50.7809830Z Received 519043654 of 523237958 (99.2%), 2.5 MBs/sec
2022-05-19T05:33:51.7829170Z Received 519043654 of 523237958 (99.2%), 2.5 MBs/sec
2022-05-19T05:33:52.7826230Z Received 519043654 of 523237958 (99.2%), 2.5 MBs/sec
2022-05-19T05:33:53.7876010Z Received 519043654 of 523237958 (99.2%), 2.5 MBs/sec
2022-05-19T05:33:54.7899630Z Received 519043654 of 523237958 (99.2%), 2.5 MBs/sec
2022-05-19T05:33:55.7916180Z Received 519043654 of 523237958 (99.2%), 2.4 MBs/sec
2022-05-19T05:33:56.7945460Z Received 519043654 of 523237958 (99.2%), 2.4 MBs/sec
2022-05-19T05:33:57.7947020Z Received 519043654 of 523237958 (99.2%), 2.4 MBs/sec
2022-05-19T05:33:58.7994570Z Received 519043654 of 523237958 (99.2%), 2.4 MBs/sec
2022-05-19T05:33:59.8002120Z Received 519043654 of 523237958 (99.2%), 2.4 MBs/sec
2022-05-19T05:34:00.8035100Z Received 519043654 of 523237958 (99.2%), 2.4 MBs/sec
2022-05-19T05:34:01.8072920Z Received 519043654 of 523237958 (99.2%), 2.4 MBs/sec
2022-05-19T05:34:02.8117110Z Received 519043654 of 523237958 (99.2%), 2.4 MBs/sec
2022-05-19T05:34:03.8126800Z Received 519043654 of 523237958 (99.2%), 2.4 MBs/sec
2022-05-19T05:34:04.8146210Z Received 519043654 of 523237958 (99.2%), 2.3 MBs/sec
2022-05-19T05:34:05.8192190Z Received 519043654 of 523237958 (99.2%), 2.3 MBs/sec
2022-05-19T05:34:06.8229670Z Received 519043654 of 523237958 (99.2%), 2.3 MBs/sec
2022-05-19T05:34:07.8241680Z Received 519043654 of 523237958 (99.2%), 2.3 MBs/sec
2022-05-19T05:34:08.8251900Z Received 519043654 of 523237958 (99.2%), 2.3 MBs/sec
2022-05-19T05:34:09.8249100Z Received 519043654 of 523237958 (99.2%), 2.3 MBs/sec
2022-05-19T05:34:10.8283390Z Received 519043654 of 523237958 (99.2%), 2.3 MBs/sec
2022-05-19T05:34:11.8293450Z Received 519043654 of 523237958 (99.2%), 2.3 MBs/sec
2022-05-19T05:34:12.8305870Z Received 519043654 of 523237958 (99.2%), 2.3 MBs/sec
2022-05-19T05:34:13.8354020Z Received 519043654 of 523237958 (99.2%), 2.2 MBs/sec
2022-05-19T05:34:14.8369000Z Received 519043654 of 523237958 (99.2%), 2.2 MBs/sec
2022-05-19T05:34:15.8380630Z Received 519043654 of 523237958 (99.2%), 2.2 MBs/sec
2022-05-19T05:34:16.8424270Z Received 519043654 of 523237958 (99.2%), 2.2 MBs/sec
2022-05-19T05:34:17.8434510Z Received 519043654 of 523237958 (99.2%), 2.2 MBs/sec
2022-05-19T05:34:18.8445550Z Received 519043654 of 523237958 (99.2%), 2.2 MBs/sec
2022-05-19T05:34:19.8490300Z Received 519043654 of 523237958 (99.2%), 2.2 MBs/sec
2022-05-19T05:34:20.8531020Z Received 519043654 of 523237958 (99.2%), 2.2 MBs/sec
2022-05-19T05:34:21.8539110Z Received 519043654 of 523237958 (99.2%), 2.2 MBs/sec
2022-05-19T05:34:22.8554740Z Received 519043654 of 523237958 (99.2%), 2.2 MBs/sec
2022-05-19T05:34:23.8555740Z Received 519043654 of 523237958 (99.2%), 2.1 MBs/sec
2022-05-19T05:34:24.8607630Z Received 519043654 of 523237958 (99.2%), 2.1 MBs/sec
2022-05-19T05:34:25.8628720Z Received 519043654 of 523237958 (99.2%), 2.1 MBs/sec
2022-05-19T05:34:26.8671600Z Received 519043654 of 523237958 (99.2%), 2.1 MBs/sec
2022-05-19T05:34:27.8712630Z Received 519043654 of 523237958 (99.2%), 2.1 MBs/sec
2022-05-19T05:34:28.8751460Z Received 519043654 of 523237958 (99.2%), 2.1 MBs/sec
2022-05-19T05:34:29.8754590Z Received 519043654 of 523237958 (99.2%), 2.1 MBs/sec
2022-05-19T05:34:30.8748660Z Received 519043654 of 523237958 (99.2%), 2.1 MBs/sec
2022-05-19T05:34:31.8769510Z Received 519043654 of 523237958 (99.2%), 2.1 MBs/sec
2022-05-19T05:34:32.8811390Z Received 519043654 of 523237958 (99.2%), 2.1 MBs/sec
2022-05-19T05:34:33.8843140Z Received 519043654 of 523237958 (99.2%), 2.1 MBs/sec
2022-05-19T05:34:34.8851490Z Received 519043654 of 523237958 (99.2%), 2.1 MBs/sec
2022-05-19T05:34:35.8878060Z Received 519043654 of 523237958 (99.2%), 2.0 MBs/sec
2022-05-19T05:34:36.8916920Z Received 519043654 of 523237958 (99.2%), 2.0 MBs/sec
2022-05-19T05:34:37.8930230Z Received 519043654 of 523237958 (99.2%), 2.0 MBs/sec
2022-05-19T05:34:38.8951770Z Received 519043654 of 523237958 (99.2%), 2.0 MBs/sec
2022-05-19T05:34:39.