2022-05-19T05:30:06.4536210Z Current runner version: '2.291.1'
2022-05-19T05:30:06.4555630Z Runner name: 'selr-hosted-runner'
2022-05-19T05:30:06.4556660Z Runner group name: 'Default'
2022-05-19T05:30:06.4558050Z Machine name: 'apples-MacBook-Pro'
2022-05-19T05:30:06.4563100Z ##[group]GITHUB_TOKEN Permissions
2022-05-19T05:30:06.4564700Z Contents: read
2022-05-19T05:30:06.4565260Z Metadata: read
2022-05-19T05:30:06.4565820Z ##[endgroup]
2022-05-19T05:30:06.4573550Z Secret source: Actions
2022-05-19T05:30:06.4574440Z Prepare workflow directory
2022-05-19T05:30:06.7873020Z Prepare all required actions
2022-05-19T05:30:07.0491190Z Getting action download info
2022-05-19T05:30:08.3390070Z Download action repository 'actions/checkout@v3' (SHA:2541b1294d2704b0964813337f33b291d3f8596b)
2022-05-19T05:30:09.8459600Z Download action repository 'actions/setup-node@v3' (SHA:17f8bd926464a1afa4c6a11669539e9c1ba77048)
2022-05-19T05:30:13.0325650Z ##[group]Run actions/checkout@v3
2022-05-19T05:30:13.0328680Z with:
2022-05-19T05:30:13.0328960Z   repository: Aswin-Coddletech/GH-React-Action
2022-05-19T05:30:13.0329620Z   token: ***
2022-05-19T05:30:13.0330020Z   ssh-strict: true
2022-05-19T05:30:13.0330440Z   persist-credentials: true
2022-05-19T05:30:13.0330860Z   clean: true
2022-05-19T05:30:13.0331200Z   fetch-depth: 1
2022-05-19T05:30:13.0331560Z   lfs: false
2022-05-19T05:30:13.0331920Z   submodules: false
2022-05-19T05:30:13.0332310Z   set-safe-directory: true
2022-05-19T05:30:13.0332710Z ##[endgroup]
2022-05-19T05:30:13.2377230Z Syncing repository: Aswin-Coddletech/GH-React-Action
2022-05-19T05:30:13.2380360Z ##[group]Getting Git version info
2022-05-19T05:30:13.2381230Z Working directory is '/Users/aswinm/Documents/CoddleTech/GithubActions/self-hosted-runner/self-hosted/actions-runner/_work/GH-React-Action/GH-React-Action'
2022-05-19T05:30:13.2382730Z [command]/usr/bin/git version
2022-05-19T05:30:13.2383580Z git version 2.24.3 (Apple Git-128)
2022-05-19T05:30:13.2424860Z ##[endgroup]
2022-05-19T05:30:13.2460010Z Copying '/Users/aswinm/.gitconfig' to '/Users/aswinm/Documents/CoddleTech/GithubActions/self-hosted-runner/self-hosted/actions-runner/_work/_temp/e79feb1f-ccf5-4e47-baf0-e6442030b8e3/.gitconfig'
2022-05-19T05:30:13.2465100Z Temporarily overriding HOME='/Users/aswinm/Documents/CoddleTech/GithubActions/self-hosted-runner/self-hosted/actions-runner/_work/_temp/e79feb1f-ccf5-4e47-baf0-e6442030b8e3' before making global git config changes
2022-05-19T05:30:13.2466270Z Adding repository directory to the temporary git global config as a safe directory
2022-05-19T05:30:13.2472700Z [command]/usr/bin/git config --global --add safe.directory /Users/aswinm/Documents/CoddleTech/GithubActions/self-hosted-runner/self-hosted/actions-runner/_work/GH-React-Action/GH-React-Action
2022-05-19T05:30:13.2623220Z [command]/usr/bin/git config --local --get remote.origin.url
2022-05-19T05:30:13.2749420Z https://github.com/Aswin-Coddletech/GH-React-Action
2022-05-19T05:30:13.2765110Z ##[group]Removing previously created refs, to avoid conflicts
2022-05-19T05:30:13.2770950Z [command]/usr/bin/git rev-parse --symbolic-full-name --verify --quiet HEAD
2022-05-19T05:30:13.2894450Z refs/heads/master
2022-05-19T05:30:13.2910960Z [command]/usr/bin/git checkout --detach
2022-05-19T05:30:13.3418420Z HEAD is now at 2387edb Create envex.yml
2022-05-19T05:30:13.3437560Z [command]/usr/bin/git rev-parse --symbolic-full-name --branches
2022-05-19T05:30:13.3568780Z refs/heads/master
2022-05-19T05:30:13.3581240Z [command]/usr/bin/git branch --delete --force master
2022-05-19T05:30:13.3731700Z Deleted branch master (was 2387edb).
2022-05-19T05:30:13.3742690Z [command]/usr/bin/git rev-parse --symbolic-full-name --remotes=origin
2022-05-19T05:30:13.3872560Z refs/remotes/origin/master
2022-05-19T05:30:13.3878380Z ##[endgroup]
2022-05-19T05:30:13.3879210Z ##[group]Cleaning the repository
2022-05-19T05:30:13.3884760Z [command]/usr/bin/git clean -ffdx
2022-05-19T05:30:28.8148110Z Removing build/
2022-05-19T05:30:28.8211290Z Removing node_modules/
2022-05-19T05:30:28.8313810Z [command]/usr/bin/git reset --hard HEAD
2022-05-19T05:30:28.9151170Z HEAD is now at 2387edb Create envex.yml
2022-05-19T05:30:28.9183260Z ##[endgroup]
2022-05-19T05:30:28.9303560Z ##[group]Disabling automatic garbage collection
2022-05-19T05:30:28.9382190Z [command]/usr/bin/git config --local gc.auto 0
2022-05-19T05:30:28.9414260Z ##[endgroup]
2022-05-19T05:30:28.9425210Z ##[group]Setting up auth
2022-05-19T05:30:28.9506100Z [command]/usr/bin/git config --local --name-only --get-regexp core\.sshCommand
2022-05-19T05:30:29.0332170Z [command]/usr/bin/git submodule foreach --recursive git config --local --name-only --get-regexp 'core\.sshCommand' && git config --local --unset-all 'core.sshCommand' || :
2022-05-19T05:30:29.1648170Z [command]/usr/bin/git config --local --name-only --get-regexp http\.https\:\/\/github\.com\/\.extraheader
2022-05-19T05:30:29.1830470Z [command]/usr/bin/git submodule foreach --recursive git config --local --name-only --get-regexp 'http\.https\:\/\/github\.com\/\.extraheader' && git config --local --unset-all 'http.https://github.com/.extraheader' || :
2022-05-19T05:30:29.3241200Z [command]/usr/bin/git config --local http.https://github.com/.extraheader AUTHORIZATION: basic ***
2022-05-19T05:30:29.3509580Z ##[endgroup]
2022-05-19T05:30:29.3520350Z ##[group]Fetching the repository
2022-05-19T05:30:29.3622950Z [command]/usr/bin/git -c protocol.version=2 fetch --no-tags --prune --progress --no-recurse-submodules --depth=1 origin +dd8a58f8f0f43b0809704961439135d735bef798:refs/remotes/origin/master
2022-05-19T05:30:30.1495820Z remote: Enumerating objects: 7, done.        
2022-05-19T05:30:30.1499640Z remote: Counting objects:  14% (1/7)        
2022-05-19T05:30:30.1501090Z remote: Counting objects:  28% (2/7)        
2022-05-19T05:30:30.1502190Z remote: Counting objects:  42% (3/7)        
2022-05-19T05:30:30.1504070Z remote: Counting objects:  57% (4/7)        
2022-05-19T05:30:30.1504830Z remote: Counting objects:  71% (5/7)        
2022-05-19T05:30:30.1505830Z remote: Counting objects:  85% (6/7)        
2022-05-19T05:30:30.1506890Z remote: Counting objects: 100% (7/7)        
2022-05-19T05:30:30.1509270Z remote: Counting objects: 100% (7/7), done.        
2022-05-19T05:30:30.1511060Z remote: Compressing objects:  33% (1/3)        
2022-05-19T05:30:30.1512060Z remote: Compressing objects:  66% (2/3)        
2022-05-19T05:30:30.1513610Z remote: Compressing objects: 100% (3/3)        
2022-05-19T05:30:30.1559090Z remote: Compressing objects: 100% (3/3), done.        
2022-05-19T05:30:30.1605070Z remote: Total 4 (delta 1), reused 2 (delta 0), pack-reused 0        
2022-05-19T05:30:30.1839930Z From https://github.com/Aswin-Coddletech/GH-React-Action
2022-05-19T05:30:30.1843160Z  + 2387edb...dd8a58f dd8a58f8f0f43b0809704961439135d735bef798 -> origin/master  (forced update)
2022-05-19T05:30:30.1945150Z ##[endgroup]
2022-05-19T05:30:30.1954610Z ##[group]Determining the checkout info
2022-05-19T05:30:30.1999440Z ##[endgroup]
2022-05-19T05:30:30.2013250Z ##[group]Checking out the ref
2022-05-19T05:30:30.2062520Z [command]/usr/bin/git checkout --progress --force -B master refs/remotes/origin/master
2022-05-19T05:30:30.2675510Z Warning: you are leaving 1 commit behind, not connected to
2022-05-19T05:30:30.2679200Z any of your branches:
2022-05-19T05:30:30.2679960Z 
2022-05-19T05:30:30.2680560Z   2387edb Create envex.yml
2022-05-19T05:30:30.2681220Z 
2022-05-19T05:30:30.2681920Z If you want to keep it by creating a new branch, this may be a good time
2022-05-19T05:30:30.2762460Z to do so with:
2022-05-19T05:30:30.2763130Z 
2022-05-19T05:30:30.2764130Z  git branch <new-branch-name> 2387edb
2022-05-19T05:30:30.2764830Z 
2022-05-19T05:30:30.3922210Z Switched to a new branch 'master'
2022-05-19T05:30:30.3948510Z Branch 'master' set up to track remote branch 'master' from 'origin'.
2022-05-19T05:30:30.3950150Z ##[endgroup]
2022-05-19T05:30:30.4124980Z [command]/usr/bin/git log -1 --format='%H'
2022-05-19T05:30:30.4311570Z 'dd8a58f8f0f43b0809704961439135d735bef798'
2022-05-19T05:30:30.4921410Z ##[group]Run actions/setup-node@v3
2022-05-19T05:30:30.4921950Z with:
2022-05-19T05:30:30.4922140Z   cache: npm
2022-05-19T05:30:30.4922330Z   always-auth: false
2022-05-19T05:30:30.4922530Z   check-latest: false
2022-05-19T05:30:30.4922990Z   token: ***
2022-05-19T05:30:30.4923190Z ##[endgroup]
2022-05-19T05:30:30.7764820Z [command]/usr/local/bin/npm config get cache
2022-05-19T05:30:31.2372430Z /Users/aswinm/.npm
2022-05-19T05:30:34.4328110Z Received 0 of 523237958 (0.0%), 0.0 MBs/sec
2022-05-19T05:30:35.4326090Z Received 0 of 523237958 (0.0%), 0.0 MBs/sec
2022-05-19T05:30:36.4334770Z Received 0 of 523237958 (0.0%), 0.0 MBs/sec
2022-05-19T05:30:37.4379840Z Received 0 of 523237958 (0.0%), 0.0 MBs/sec
2022-05-19T05:30:38.4377680Z Received 4194304 of 523237958 (0.8%), 0.8 MBs/sec
2022-05-19T05:30:39.4373710Z Received 4194304 of 523237958 (0.8%), 0.7 MBs/sec
2022-05-19T05:30:40.4373960Z Received 8388608 of 523237958 (1.6%), 1.1 MBs/sec
2022-05-19T05:30:41.4374940Z Received 12582912 of 523237958 (2.4%), 1.5 MBs/sec
2022-05-19T05:30:42.4382310Z Received 25165824 of 523237958 (4.8%), 2.7 MBs/sec
2022-05-19T05:30:43.4385240Z Received 29360128 of 523237958 (5.6%), 2.8 MBs/sec
2022-05-19T05:30:44.4382920Z Received 29360128 of 523237958 (5.6%), 2.5 MBs/sec
2022-05-19T05:30:45.4382160Z Received 33554432 of 523237958 (6.4%), 2.7 MBs/sec
2022-05-19T05:30:46.4381860Z Received 33554432 of 523237958 (6.4%), 2.5 MBs/sec
2022-05-19T05:30:47.4402090Z Received 37748736 of 523237958 (7.2%), 2.6 MBs/sec
2022-05-19T05:30:48.4401790Z Received 37748736 of 523237958 (7.2%), 2.4 MBs/sec
2022-05-19T05:30:49.4401370Z Received 46137344 of 523237958 (8.8%), 2.7 MBs/sec
2022-05-19T05:30:50.4425320Z Received 54525952 of 523237958 (10.4%), 3.1 MBs/sec
2022-05-19T05:30:51.4428210Z Received 58720256 of 523237958 (11.2%), 3.1 MBs/sec
2022-05-19T05:30:52.4440010Z Received 58720256 of 523237958 (11.2%), 2.9 MBs/sec
2022-05-19T05:30:53.4452910Z Received 58720256 of 523237958 (11.2%), 2.8 MBs/sec
2022-05-19T05:30:54.4454660Z Received 58720256 of 523237958 (11.2%), 2.7 MBs/sec
2022-05-19T05:30:55.4460040Z Received 71303168 of 523237958 (13.6%), 3.1 MBs/sec
2022-05-19T05:30:56.4459730Z Received 75497472 of 523237958 (14.4%), 3.1 MBs/sec
2022-05-19T05:30:57.4477210Z Received 83886080 of 523237958 (16.0%), 3.3 MBs/sec
2022-05-19T05:30:58.4477020Z Received 88080384 of 523237958 (16.8%), 3.4 MBs/sec
2022-05-19T05:30:59.4484070Z Received 88080384 of 523237958 (16.8%), 3.2 MBs/sec
2022-05-19T05:31:00.4513250Z Received 92274688 of 523237958 (17.6%), 3.3 MBs/sec
2022-05-19T05:31:01.4510830Z Received 92274688 of 523237958 (17.6%), 3.1 MBs/sec
2022-05-19T05:31:02.4516300Z Received 92274688 of 523237958 (17.6%), 3.0 MBs/sec
2022-05-19T05:31:03.4515770Z Received 92274688 of 523237958 (17.6%), 2.9 MBs/sec
2022-05-19T05:31:04.4517220Z Received 96468992 of 523237958 (18.4%), 3.0 MBs/sec
2022-05-19T05:31:05.4526620Z Received 96468992 of 523237958 (18.4%), 2.9 MBs/sec
2022-05-19T05:31:06.4529190Z Received 96468992 of 523237958 (18.4%), 2.8 MBs/sec
2022-05-19T05:31:07.4542880Z Received 96468992 of 523237958 (18.4%), 2.7 MBs/sec
2022-05-19T05:31:08.4605420Z Received 104857600 of 523237958 (20.0%), 2.9 MBs/sec
2022-05-19T05:31:09.4570680Z Received 113246208 of 523237958 (21.6%), 3.0 MBs/sec
2022-05-19T05:31:10.4565590Z Received 113246208 of 523237958 (21.6%), 2.9 MBs/sec
2022-05-19T05:31:11.4590080Z Received 117440512 of 523237958 (22.4%), 2.9 MBs/sec
2022-05-19T05:31:12.4592040Z Received 121634816 of 523237958 (23.2%), 3.0 MBs/sec
2022-05-19T05:31:13.4596280Z Received 125829120 of 523237958 (24.0%), 3.0 MBs/sec
2022-05-19T05:31:14.4594600Z Received 125829120 of 523237958 (24.0%), 2.9 MBs/sec
2022-05-19T05:31:15.4592010Z Received 130023424 of 523237958 (24.8%), 3.0 MBs/sec
2022-05-19T05:31:16.4594300Z Received 134217728 of 523237958 (25.7%), 3.0 MBs/sec
2022-05-19T05:31:17.4624200Z Received 134217728 of 523237958 (25.7%), 2.9 MBs/sec
2022-05-19T05:31:18.4621430Z Received 138412032 of 523237958 (26.5%), 2.9 MBs/sec
2022-05-19T05:31:19.4651520Z Received 138412032 of 523237958 (26.5%), 2.9 MBs/sec
2022-05-19T05:31:20.4650420Z Received 138412032 of 523237958 (26.5%), 2.8 MBs/sec
2022-05-19T05:31:21.4693070Z Received 142606336 of 523237958 (27.3%), 2.8 MBs/sec
2022-05-19T05:31:22.4700130Z Received 146800640 of 523237958 (28.1%), 2.9 MBs/sec
2022-05-19T05:31:23.4713900Z Received 150994944 of 523237958 (28.9%), 2.9 MBs/sec
2022-05-19T05:31:24.4745050Z Received 155189248 of 523237958 (29.7%), 2.9 MBs/sec
2022-05-19T05:31:25.4766520Z Received 163577856 of 523237958 (31.3%), 3.0 MBs/sec
2022-05-19T05:31:26.4758810Z Received 163577856 of 523237958 (31.3%), 2.9 MBs/sec
2022-05-19T05:31:27.4793030Z Received 163577856 of 523237958 (31.3%), 2.9 MBs/sec
2022-05-19T05:31:28.4798500Z Received 163577856 of 523237958 (31.3%), 2.8 MBs/sec
2022-05-19T05:31:29.4802600Z Received 171966464 of 523237958 (32.9%), 2.9 MBs/sec
2022-05-19T05:31:30.4809960Z Received 180355072 of 523237958 (34.5%), 3.0 MBs/sec
2022-05-19T05:31:31.4817750Z Received 180355072 of 523237958 (34.5%), 3.0 MBs/sec
2022-05-19T05:31:32.4815600Z Received 180355072 of 523237958 (34.5%), 2.9 MBs/sec
2022-05-19T05:31:33.4831640Z Received 180355072 of 523237958 (34.5%), 2.9 MBs/sec
2022-05-19T05:31:34.4873940Z Received 188743680 of 523237958 (36.1%), 2.9 MBs/sec
2022-05-19T05:31:35.4874350Z Received 188743680 of 523237958 (36.1%), 2.9 MBs/sec
2022-05-19T05:31:36.4899570Z Received 188743680 of 523237958 (36.1%), 2.9 MBs/sec
2022-05-19T05:31:37.4944970Z Received 188743680 of 523237958 (36.1%), 2.8 MBs/sec
2022-05-19T05:31:38.4944350Z Received 197132288 of 523237958 (37.7%), 2.9 MBs/sec
2022-05-19T05:31:39.5987610Z Received 197132288 of 523237958 (37.7%), 2.8 MBs/sec
2022-05-19T05:31:40.5990920Z Received 205520896 of 523237958 (39.3%), 2.9 MBs/sec
2022-05-19T05:31:41.5982880Z Received 209715200 of 523237958 (40.1%), 2.9 MBs/sec
2022-05-19T05:31:42.5994910Z Received 209715200 of 523237958 (40.1%), 2.9 MBs/sec
2022-05-19T05:31:43.6002730Z Received 218103808 of 523237958 (41.7%), 3.0 MBs/sec
2022-05-19T05:31:44.5995930Z Received 218103808 of 523237958 (41.7%), 2.9 MBs/sec
2022-05-19T05:31:45.5992260Z Received 218103808 of 523237958 (41.7%), 2.9 MBs/sec
2022-05-19T05:31:46.5994170Z Received 226492416 of 523237958 (43.3%), 3.0 MBs/sec
2022-05-19T05:31:47.5996680Z Received 226492416 of 523237958 (43.3%), 2.9 MBs/sec
2022-05-19T05:31:48.5992740Z Received 230686720 of 523237958 (44.1%), 2.9 MBs/sec
2022-05-19T05:31:49.6004610Z Received 243269632 of 523237958 (46.5%), 3.0 MBs/sec
2022-05-19T05:31:50.6010710Z Received 243269632 of 523237958 (46.5%), 3.0 MBs/sec
2022-05-19T05:31:51.6010700Z Received 243269632 of 523237958 (46.5%), 3.0 MBs/sec
2022-05-19T05:31:52.6021340Z Received 251658240 of 523237958 (48.1%), 3.0 MBs/sec
2022-05-19T05:31:53.6024580Z Received 255852544 of 523237958 (48.9%), 3.0 MBs/sec
2022-05-19T05:31:54.6025980Z Received 255852544 of 523237958 (48.9%), 3.0 MBs/sec
2022-05-19T05:31:55.6038330Z Received 264241152 of 523237958 (50.5%), 3.1 MBs/sec
2022-05-19T05:31:56.6036730Z Received 272629760 of 523237958 (52.1%), 3.1 MBs/sec
2022-05-19T05:31:57.6036870Z Received 276824064 of 523237958 (52.9%), 3.1 MBs/sec
2022-05-19T05:31:58.6039720Z Received 276824064 of 523237958 (52.9%), 3.1 MBs/sec
2022-05-19T05:31:59.6036150Z Received 276824064 of 523237958 (52.9%), 3.1 MBs/sec
2022-05-19T05:32:00.6036700Z Received 281018368 of 523237958 (53.7%), 3.1 MBs/sec
2022-05-19T05:32:01.6070850Z Received 285212672 of 523237958 (54.5%), 3.1 MBs/sec
2022-05-19T05:32:02.6074250Z Received 289406976 of 523237958 (55.3%), 3.1 MBs/sec
2022-05-19T05:32:03.6067160Z Received 297795584 of 523237958 (56.9%), 3.1 MBs/sec
2022-05-19T05:32:04.6066920Z Received 297795584 of 523237958 (56.9%), 3.1 MBs/sec
2022-05-19T05:32:05.6077800Z Received 301989888 of 523237958 (57.7%), 3.1 MBs/sec
2022-05-19T05:32:06.6088150Z Received 310378496 of 523237958 (59.3%), 3.2 MBs/sec
2022-05-19T05:32:07.6090690Z Received 310378496 of 523237958 (59.3%), 3.1 MBs/sec
2022-05-19T05:32:08.6085520Z Received 314572800 of 523237958 (60.1%), 3.2 MBs/sec
2022-05-19T05:32:09.6085260Z Received 318767104 of 523237958 (60.9%), 3.2 MBs/sec
2022-05-19T05:32:10.6097990Z Received 318767104 of 523237958 (60.9%), 3.1 MBs/sec
2022-05-19T05:32:11.6098720Z Received 322961408 of 523237958 (61.7%), 3.1 MBs/sec
2022-05-19T05:32:12.6104140Z Received 327155712 of 523237958 (62.5%), 3.1 MBs/sec
2022-05-19T05:32:13.6105090Z Received 331350016 of 523237958 (63.3%), 3.2 MBs/sec
2022-05-19T05:32:14.6110290Z Received 335544320 of 523237958 (64.1%), 3.2 MBs/sec
2022-05-19T05:32:15.6112320Z Received 343932928 of 523237958 (65.7%), 3.2 MBs/sec
2022-05-19T05:32:16.6131490Z Received 348127232 of 523237958 (66.5%), 3.2 MBs/sec
2022-05-19T05:32:17.6138510Z Received 348127232 of 523237958 (66.5%), 3.2 MBs/sec
2022-05-19T05:32:18.6158270Z Received 348127232 of 523237958 (66.5%), 3.2 MBs/sec
2022-05-19T05:32:19.6156160Z Received 352321536 of 523237958 (67.3%), 3.2 MBs/sec
2022-05-19T05:32:20.6165670Z Received 356515840 of 523237958 (68.1%), 3.2 MBs/sec
2022-05-19T05:32:21.6161330Z Received 356515840 of 523237958 (68.1%), 3.1 MBs/sec
2022-05-19T05:32:22.6180040Z Received 356515840 of 523237958 (68.1%), 3.1 MBs/sec
2022-05-19T05:32:23.6184360Z Received 364904448 of 523237958 (69.7%), 3.2 MBs/sec
2022-05-19T05:32:24.6196130Z Received 369098752 of 523237958 (70.5%), 3.2 MBs/sec
2022-05-19T05:32:25.6196440Z Received 377487360 of 523237958 (72.1%), 3.2 MBs/sec
2022-05-19T05:32:26.6188260Z Received 381681664 of 523237958 (72.9%), 3.2 MBs/sec
2022-05-19T05:32:27.6199040Z Received 381681664 of 523237958 (72.9%), 3.2 MBs/sec
2022-05-19T05:32:28.6210720Z Received 381681664 of 523237958 (72.9%), 3.2 MBs/sec
2022-05-19T05:32:29.6244010Z Received 385875968 of 523237958 (73.7%), 3.2 MBs/sec
2022-05-19T05:32:30.6240470Z Received 385875968 of 523237958 (73.7%), 3.1 MBs/sec
2022-05-19T05:32:31.6260590Z Received 390070272 of 523237958 (74.5%), 3.1 MBs/sec
2022-05-19T05:32:32.6256010Z Received 394264576 of 523237958 (75.4%), 3.2 MBs/sec
2022-05-19T05:32:33.6257900Z Received 394264576 of 523237958 (75.4%), 3.1 MBs/sec
2022-05-19T05:32:34.6267580Z Received 398458880 of 523237958 (76.2%), 3.1 MBs/sec
2022-05-19T05:32:35.6312880Z Received 398458880 of 523237958 (76.2%), 3.1 MBs/sec
2022-05-19T05:32:36.6337290Z Received 398458880 of 523237958 (76.2%), 3.1 MBs/sec
2022-05-19T05:32:37.6334690Z Received 398458880 of 523237958 (76.2%), 3.1 MBs/sec
2022-05-19T05:32:38.6366630Z Received 402653184 of 523237958 (77.0%), 3.1 MBs/sec
2022-05-19T05:32:39.6383090Z Received 406847488 of 523237958 (77.8%), 3.1 MBs/sec
2022-05-19T05:32:40.6396170Z Received 406847488 of 523237958 (77.8%), 3.1 MBs/sec
2022-05-19T05:32:41.6435040Z Received 411041792 of 523237958 (78.6%), 3.1 MBs/sec
2022-05-19T05:32:42.6445040Z Received 411041792 of 523237958 (78.6%), 3.0 MBs/sec
2022-05-19T05:32:43.6459620Z Received 411041792 of 523237958 (78.6%), 3.0 MBs/sec
2022-05-19T05:32:44.6503040Z Received 411041792 of 523237958 (78.6%), 3.0 MBs/sec
2022-05-19T05:32:45.6518560Z Received 419430400 of 523237958 (80.2%), 3.0 MBs/sec
2022-05-19T05:32:46.6524530Z Received 419430400 of 523237958 (80.2%), 3.0 MBs/sec
2022-05-19T05:32:47.6537150Z Received 419430400 of 523237958 (80.2%), 3.0 MBs/sec
2022-05-19T05:32:48.6530860Z Received 419430400 of 523237958 (80.2%), 3.0 MBs/sec
2022-05-19T05:32:49.6573520Z Received 423624704 of 523237958 (81.0%), 3.0 MBs/sec
2022-05-19T05:32:50.6583830Z Received 423624704 of 523237958 (81.0%), 2.9 MBs/sec
2022-05-19T05:32:51.6588710Z Received 427819008 of 523237958 (81.8%), 3.0 MBs/sec
2022-05-19T05:32:52.6602870Z Received 436207616 of 523237958 (83.4%), 3.0 MBs/sec
2022-05-19T05:32:53.6613920Z Received 436207616 of 523237958 (83.4%), 3.0 MBs/sec
2022-05-19T05:32:54.6621100Z Received 436207616 of 523237958 (83.4%), 2.9 MBs/sec
2022-05-19T05:32:55.6660100Z Received 436207616 of 523237958 (83.4%), 2.9 MBs/sec
2022-05-19T05:32:56.6677940Z Received 448790528 of 523237958 (85.8%), 3.0 MBs/sec
2022-05-19T05:32:57.6703970Z Received 452984832 of 523237958 (86.6%), 3.0 MBs/sec
2022-05-19T05:32:58.6697720Z Received 457179136 of 523237958 (87.4%), 3.0 MBs/sec
2022-05-19T05:32:59.6698950Z Received 457179136 of 523237958 (87.4%), 3.0 MBs/sec
2022-05-19T05:33:00.6708790Z Received 461373440 of 523237958 (88.2%), 3.0 MBs/sec
2022-05-19T05:33:01.6715700Z Received 469762048 of 523237958 (89.8%), 3.0 MBs/sec
2022-05-19T05:33:02.6741340Z Received 473956352 of 523237958 (90.6%), 3.0 MBs/sec
2022-05-19T05:33:03.6781800Z Received 478150656 of 523237958 (91.4%), 3.0 MBs/sec
2022-05-19T05:33:04.6785010Z Received 478150656 of 523237958 (91.4%), 3.0 MBs/sec
2022-05-19T05:33:05.6791690Z Received 482344960 of 523237958 (92.2%), 3.0 MBs/sec
2022-05-19T05:33:06.6793590Z Received 482344960 of 523237958 (92.2%), 3.0 MBs/sec
2022-05-19T05:33:07.6797740Z Received 486539264 of 523237958 (93.0%), 3.0 MBs/sec
2022-05-19T05:33:08.6799730Z Received 499122176 of 523237958 (95.4%), 3.1 MBs/sec
2022-05-19T05:33:09.6833520Z Received 499122176 of 523237958 (95.4%), 3.0 MBs/sec
2022-05-19T05:33:10.6842540Z Received 499122176 of 523237958 (95.4%), 3.0 MBs/sec
2022-05-19T05:33:11.6837360Z Received 499122176 of 523237958 (95.4%), 3.0 MBs/sec
2022-05-19T05:33:12.6870070Z Received 506460742 of 523237958 (96.8%), 3.0 MBs/sec
2022-05-19T05:33:13.6871390Z Received 510655046 of 523237958 (97.6%), 3.0 MBs/sec
2022-05-19T05:33:14.6900550Z Received 510655046 of 523237958 (97.6%), 3.0 MBs/sec
2022-05-19T05:33:15.6945320Z Received 514849350 of 523237958 (98.4%), 3.0 MBs/sec
2022-05-19T05:33:16.6983290Z Received 514849350 of 523237958 (98.4%), 3.0 MBs/sec
2022-05-19T05:33:17.6991390Z Received 519043654 of 523237958 (99.2%), 3.0 MBs/sec
2022-05-19T05:33:18.7012690Z Received 519043654 of 523237958 (99.2%), 3.0 MBs/sec
2022-05-19T05:33:19.7054810Z Received 519043654 of 523237958 (99.2%), 3.0 MBs/sec
2022-05-19T05:33:20.7098050Z Received 519043654 of 523237958 (99.2%), 3.0 MBs/sec
2022-05-19T05:33:21.7102280Z Received 519043654 of 523237958 (99.2%), 2.9 MBs/sec
2022-05-19T05:33:22.7130120Z Received 519043654 of 523237958 (99.2%), 2.9 MBs/sec
2022-05-19T05:33:23.7148450Z Received 519043654 of 523237958 (99.2%), 2.9 MBs/sec
2022-05-19T05:33:24.7169410Z Received 519043654 of 523237958 (99.2%), 2.9 MBs/sec
2022-05-19T05:33:25.7195680Z Received 519043654 of 523237958 (99.2%), 2.9 MBs/sec
2022-05-19T05:33:26.7236910Z Received 519043654 of 523237958 (99.2%), 2.9 MBs/sec
2022-05-19T05:33:27.7277780Z Received 519043654 of 523237958 (99.2%), 2.8 MBs/sec
2022-05-19T05:33:28.7287490Z Received 519043654 of 523237958 (99.2%), 2.8 MBs/sec
2022-05-19T05:33:29.7294480Z Received 519043654 of 523237958 (99.2%), 2.8 MBs/sec
2022-05-19T05:33:30.7304480Z Received 519043654 of 523237958 (99.2%), 2.8 MBs/sec
2022-05-19T05:33:31.7334130Z Received 519043654 of 523237958 (99.2%), 2.8 MBs/sec
2022-05-19T05:33:32.7375670Z Received 519043654 of 523237958 (99.2%), 2.8 MBs/sec
2022-05-19T05:33:33.7390340Z Received 519043654 of 523237958 (99.2%), 2.7 MBs/sec
2022-05-19T05:33:34.7402520Z Received 519043654 of 523237958 (99.2%), 2.7 MBs/sec
2022-05-19T05:33:35.7430280Z Received 519043654 of 523237958 (99.2%), 2.7 MBs/sec
2022-05-19T05:33:36.7468810Z Received 519043654 of 523237958 (99.2%), 2.7 MBs/sec
2022-05-19T05:33:37.7499690Z Received 519043654 of 523237958 (99.2%), 2.7 MBs/sec
2022-05-19T05:33:38.7507450Z Received 519043654 of 523237958 (99.2%), 2.7 MBs/sec
2022-05-19T05:33:39.7554790Z Received 519043654 of 523237958 (99.2%), 2.7 MBs/sec
2022-05-19T05:33:40.7599380Z Received 519043654 of 523237958 (99.2%), 2.6 MBs/sec
2022-05-19T05:33:41.7635890Z Received 519043654 of 523237958 (99.2%), 2.6 MBs/sec
2022-05-19T05:33:42.7645730Z Received 519043654 of 523237958 (99.2%), 2.6 MBs/sec
2022-05-19T05:33:43.7647420Z Received 519043654 of 523237958 (99.2%), 2.6 MBs/sec
2022-05-19T05:33:44.7671010Z Received 519043654 of 523237958 (99.2%), 2.6 MBs/sec
2022-05-19T05:33:45.7691570Z Received 519043654 of 523237958 (99.2%), 2.6 MBs/sec
2022-05-19T05:33:46.7730540Z Received 519043654 of 523237958 (99.2%), 2.6 MBs/sec
2022-05-19T05:33:47.7741740Z Received 519043654 of 523237958 (99.2%), 2.5 MBs/sec
2022-05-19T05:33:48.7764190Z Received 519043654 of 523237958 (99.2%), 2.5 MBs/sec
2022-05-19T05:33:49.7802910Z Received 519043654 of 523237958 (99.2%), 2.5 M