[2022-05-12 12:43:37Z INFO HostContext] No proxy settings were found based on environmental variables (http_proxy/https_proxy/HTTP_PROXY/HTTPS_PROXY)
[2022-05-12 12:43:37Z INFO HostContext] Well known directory 'Bin': '/Users/aswinm/Documents/CoddleTech/GithubActions/self-hosted-runner/self-hosted-runner/actions-runner/bin'
[2022-05-12 12:43:37Z INFO HostContext] Well known directory 'Root': '/Users/aswinm/Documents/CoddleTech/GithubActions/self-hosted-runner/self-hosted-runner/actions-runner'
[2022-05-12 12:43:37Z INFO HostContext] Well known config file 'Credentials': '/Users/aswinm/Documents/CoddleTech/GithubActions/self-hosted-runner/self-hosted-runner/actions-runner/.credentials'
[2022-05-12 12:43:37Z INFO HostContext] Well known directory 'Bin': '/Users/aswinm/Documents/CoddleTech/GithubActions/self-hosted-runner/self-hosted-runner/actions-runner/bin'
[2022-05-12 12:43:37Z INFO HostContext] Well known directory 'Root': '/Users/aswinm/Documents/CoddleTech/GithubActions/self-hosted-runner/self-hosted-runner/actions-runner'
[2022-05-12 12:43:37Z INFO HostContext] Well known config file 'Runner': '/Users/aswinm/Documents/CoddleTech/GithubActions/self-hosted-runner/self-hosted-runner/actions-runner/.runner'
[2022-05-12 12:43:37Z INFO Listener] Runner is built for OSX (X64) - osx-x64.
[2022-05-12 12:43:37Z INFO Listener] RuntimeInformation: Darwin 19.6.0 Darwin Kernel Version 19.6.0: Tue Feb 15 21:39:11 PST 2022; root:xnu-6153.141.59~1/RELEASE_X86_64.
[2022-05-12 12:43:37Z INFO Listener] Version: 2.291.1
[2022-05-12 12:43:37Z INFO Listener] Commit: 496ec0df97891bd8e50f4431d01874ac3ab75a93
[2022-05-12 12:43:37Z INFO Listener] Culture: en-GB
[2022-05-12 12:43:37Z INFO Listener] UI Culture: en-GB
[2022-05-12 12:43:37Z INFO HostContext] Well known directory 'Bin': '/Users/aswinm/Documents/CoddleTech/GithubActions/self-hosted-runner/self-hosted-runner/actions-runner/bin'
[2022-05-12 12:43:37Z INFO HostContext] Well known directory 'Root': '/Users/aswinm/Documents/CoddleTech/GithubActions/self-hosted-runner/self-hosted-runner/actions-runner'
[2022-05-12 12:43:37Z INFO Listener] Validating directory permissions for: '/Users/aswinm/Documents/CoddleTech/GithubActions/self-hosted-runner/self-hosted-runner/actions-runner'
[2022-05-12 12:43:37Z INFO CommandLineParser] Parse
[2022-05-12 12:43:37Z INFO CommandLineParser] Parsing 1 args
[2022-05-12 12:43:37Z INFO CommandLineParser] parsing argument
[2022-05-12 12:43:37Z INFO CommandLineParser] HasArgs: False
[2022-05-12 12:43:37Z INFO CommandLineParser] Adding Command: run
[2022-05-12 12:43:37Z INFO Listener] Arguments parsed
[2022-05-12 12:43:37Z INFO Runner] ExecuteCommand
[2022-05-12 12:43:37Z INFO ConfigurationStore] currentAssemblyLocation: /Users/aswinm/Documents/CoddleTech/GithubActions/self-hosted-runner/self-hosted-runner/actions-runner/bin/Runner.Listener.dll
[2022-05-12 12:43:37Z INFO HostContext] Well known directory 'Bin': '/Users/aswinm/Documents/CoddleTech/GithubActions/self-hosted-runner/self-hosted-runner/actions-runner/bin'
[2022-05-12 12:43:37Z INFO ConfigurationStore] binPath: /Users/aswinm/Documents/CoddleTech/GithubActions/self-hosted-runner/self-hosted-runner/actions-runner/bin
[2022-05-12 12:43:37Z INFO HostContext] Well known directory 'Bin': '/Users/aswinm/Documents/CoddleTech/GithubActions/self-hosted-runner/self-hosted-runner/actions-runner/bin'
[2022-05-12 12:43:37Z INFO HostContext] Well known directory 'Root': '/Users/aswinm/Documents/CoddleTech/GithubActions/self-hosted-runner/self-hosted-runner/actions-runner'
[2022-05-12 12:43:37Z INFO ConfigurationStore] RootFolder: /Users/aswinm/Documents/CoddleTech/GithubActions/self-hosted-runner/self-hosted-runner/actions-runner
[2022-05-12 12:43:37Z INFO HostContext] Well known directory 'Bin': '/Users/aswinm/Documents/CoddleTech/GithubActions/self-hosted-runner/self-hosted-runner/actions-runner/bin'
[2022-05-12 12:43:37Z INFO HostContext] Well known directory 'Root': '/Users/aswinm/Documents/CoddleTech/GithubActions/self-hosted-runner/self-hosted-runner/actions-runner'
[2022-05-12 12:43:37Z INFO HostContext] Well known config file 'Runner': '/Users/aswinm/Documents/CoddleTech/GithubActions/self-hosted-runner/self-hosted-runner/actions-runner/.runner'
[2022-05-12 12:43:37Z INFO ConfigurationStore] ConfigFilePath: /Users/aswinm/Documents/CoddleTech/GithubActions/self-hosted-runner/self-hosted-runner/actions-runner/.runner
[2022-05-12 12:43:37Z INFO HostContext] Well known directory 'Bin': '/Users/aswinm/Documents/CoddleTech/GithubActions/self-hosted-runner/self-hosted-runner/actions-runner/bin'
[2022-05-12 12:43:37Z INFO HostContext] Well known directory 'Root': '/Users/aswinm/Documents/CoddleTech/GithubActions/self-hosted-runner/self-hosted-runner/actions-runner'
[2022-05-12 12:43:37Z INFO HostContext] Well known config file 'Credentials': '/Users/aswinm/Documents/CoddleTech/GithubActions/self-hosted-runner/self-hosted-runner/actions-runner/.credentials'
[2022-05-12 12:43:37Z INFO ConfigurationStore] CredFilePath: /Users/aswinm/Documents/CoddleTech/GithubActions/self-hosted-runner/self-hosted-runner/actions-runner/.credentials
[2022-05-12 12:43:37Z INFO HostContext] Well known directory 'Bin': '/Users/aswinm/Documents/CoddleTech/GithubActions/self-hosted-runner/self-hosted-runner/actions-runner/bin'
[2022-05-12 12:43:37Z INFO HostContext] Well known directory 'Root': '/Users/aswinm/Documents/CoddleTech/GithubActions/self-hosted-runner/self-hosted-runner/actions-runner'
[2022-05-12 12:43:37Z INFO HostContext] Well known config file 'MigratedCredentials': '/Users/aswinm/Documents/CoddleTech/GithubActions/self-hosted-runner/self-hosted-runner/actions-runner/.credentials_migrated'
[2022-05-12 12:43:37Z INFO ConfigurationStore] MigratedCredFilePath: /Users/aswinm/Documents/CoddleTech/GithubActions/self-hosted-runner/self-hosted-runner/actions-runner/.credentials_migrated
[2022-05-12 12:43:37Z INFO HostContext] Well known directory 'Bin': '/Users/aswinm/Documents/CoddleTech/GithubActions/self-hosted-runner/self-hosted-runner/actions-runner/bin'
[2022-05-12 12:43:37Z INFO HostContext] Well known directory 'Root': '/Users/aswinm/Documents/CoddleTech/GithubActions/self-hosted-runner/self-hosted-runner/actions-runner'
[2022-05-12 12:43:37Z INFO HostContext] Well known config file 'Service': '/Users/aswinm/Documents/CoddleTech/GithubActions/self-hosted-runner/self-hosted-runner/actions-runner/.service'
[2022-05-12 12:43:37Z INFO ConfigurationStore] ServiceConfigFilePath: /Users/aswinm/Documents/CoddleTech/GithubActions/self-hosted-runner/self-hosted-runner/actions-runner/.service
[2022-05-12 12:43:37Z INFO CommandSettings] Flag 'help': 'False'
[2022-05-12 12:43:37Z INFO CommandSettings] Flag 'version': 'False'
[2022-05-12 12:43:37Z INFO CommandSettings] Flag 'commit': 'False'
[2022-05-12 12:43:37Z INFO CommandSettings] Flag 'check': 'False'
[2022-05-12 12:43:37Z INFO CommandSettings] Command 'configure': 'False'
[2022-05-12 12:43:37Z INFO CommandSettings] Command 'remove': 'False'
[2022-05-12 12:43:37Z INFO CommandSettings] Command 'warmup': 'False'
[2022-05-12 12:43:37Z INFO ConfigurationManager] LoadSettings
[2022-05-12 12:43:37Z INFO ConfigurationStore] IsConfigured()
[2022-05-12 12:43:37Z INFO ConfigurationStore] IsConfigured: True
[2022-05-12 12:43:37Z INFO ConfigurationManager] Is configured: True
[2022-05-12 12:43:37Z INFO ConfigurationStore] Read setting file: 301 chars
[2022-05-12 12:43:37Z INFO ConfigurationManager] Settings Loaded
[2022-05-12 12:43:37Z INFO ConfigurationStore] IsServiceConfigured()
[2022-05-12 12:43:37Z INFO ConfigurationStore] IsServiceConfigured: False
[2022-05-12 12:43:37Z INFO CommandSettings] Command 'run': 'True'
[2022-05-12 12:43:37Z INFO ConfigurationStore] IsConfigured()
[2022-05-12 12:43:37Z INFO ConfigurationStore] IsConfigured: True
[2022-05-12 12:43:37Z INFO ConfigurationManager] Is configured: True
[2022-05-12 12:43:37Z INFO Runner] Could not parse the argument value '' for StartupType. Defaulting to Manual
[2022-05-12 12:43:37Z INFO Runner] Set runner startup type - Manual
[2022-05-12 12:43:37Z INFO CommandSettings] Flag 'once': 'False'
[2022-05-12 12:43:37Z INFO CommandSettings] Flag 'once': 'False'
[2022-05-12 12:43:37Z INFO Runner] RunAsync
[2022-05-12 12:43:37Z INFO ConfigurationManager] LoadSettings
[2022-05-12 12:43:37Z INFO ConfigurationStore] IsConfigured()
[2022-05-12 12:43:37Z INFO ConfigurationStore] IsConfigured: True
[2022-05-12 12:43:37Z INFO ConfigurationManager] Is configured: True
[2022-05-12 12:43:37Z INFO ConfigurationManager] Settings Loaded
[2022-05-12 12:43:37Z INFO MessageListener] {
  "AgentId": 22,
  "AgentName": "self-hosted",
  "PoolId": 1,
  "PoolName": "Default",
  "ServerUrl": "https://pipelines.actions.githubusercontent.com/LftkO8mKPpgyCoCC7Fg8RPtNHIE1x6qgGjoljQBa93lfGFLg2i",
  "GitHubUrl": "https://github.com/Aswin-Coddletech/GH-React-Action",
  "WorkFolder": "_work"
}
[2022-05-12 12:43:37Z INFO MessageListener] Loading Credentials
[2022-05-12 12:43:37Z INFO ConfigurationStore] HasCredentials()
[2022-05-12 12:43:37Z INFO ConfigurationStore] stored True
[2022-05-12 12:43:37Z INFO CredentialManager] GetCredentialProvider
[2022-05-12 12:43:37Z INFO CredentialManager] Creating type OAuth
[2022-05-12 12:43:37Z INFO CredentialManager] Creating credential type: OAuth
[2022-05-12 12:43:37Z INFO HostContext] Well known directory 'Bin': '/Users/aswinm/Documents/CoddleTech/GithubActions/self-hosted-runner/self-hosted-runner/actions-runner/bin'
[2022-05-12 12:43:37Z INFO HostContext] Well known directory 'Root': '/Users/aswinm/Documents/CoddleTech/GithubActions/self-hosted-runner/self-hosted-runner/actions-runner'
[2022-05-12 12:43:37Z INFO HostContext] Well known config file 'RSACredentials': '/Users/aswinm/Documents/CoddleTech/GithubActions/self-hosted-runner/self-hosted-runner/actions-runner/.credentials_rsaparams'
[2022-05-12 12:43:37Z INFO RSAFileKeyManager] Loading RSA key parameters from file /Users/aswinm/Documents/CoddleTech/GithubActions/self-hosted-runner/self-hosted-runner/actions-runner/.credentials_rsaparams
[2022-05-12 12:43:37Z INFO MessageListener] Attempt to create session.
[2022-05-12 12:43:37Z INFO MessageListener] Connecting to the Runner Server...
[2022-05-12 12:43:37Z INFO RunnerServer] Establish connection with 100 seconds timeout.
[2022-05-12 12:43:37Z INFO GitHubActionsService] Starting operation Location.GetConnectionData
[2022-05-12 12:43:37Z INFO RunnerServer] Establish connection with 60 seconds timeout.
[2022-05-12 12:43:37Z INFO GitHubActionsService] Starting operation Location.GetConnectionData
[2022-05-12 12:43:37Z INFO RunnerServer] Establish connection with 60 seconds timeout.
[2022-05-12 12:43:37Z INFO GitHubActionsService] Starting operation Location.GetConnectionData
[2022-05-12 12:43:38Z INFO GitHubActionsService] Finished operation Location.GetConnectionData
[2022-05-12 12:43:38Z INFO GitHubActionsService] Finished operation Location.GetConnectionData
[2022-05-12 12:43:38Z INFO GitHubActionsService] Finished operation Location.GetConnectionData
[2022-05-12 12:43:38Z INFO MessageListener] VssConnection created
[2022-05-12 12:43:38Z INFO Terminal] WRITE LINE: 
[2022-05-12 12:43:38Z INFO Terminal] WRITE LINE: 
[2022-05-12 12:43:39Z WARN GitHubActionsService] Authentication failed with status code 401.
Transfer-Encoding: chunked
WWW-Authenticate: Bearer
Strict-Transport-Security: max-age=2592000
X-TFS-ProcessId: 95a3f928-6739-496b-af31-ca0a89ddafb9
ActivityId: 57713fa9-8b91-43b7-ae84-03551e82293b
X-TFS-Session: 546388db-0db2-40ee-989b-3ae90d17863d
X-VSS-E2EID: 37622a3c-6147-4199-b947-dd2d1b93ba01
X-VSS-SenderDeploymentId: 9d51f527-7c54-71ef-5aa4-7c3dc660eb8a
X-TFS-ServiceError: The+user+%27System%3aPublicAccess%3baaaaaaaa-aaaa-aaaa-aaaa-aaaaaaaaaaaa%27+is+not+authorized+to+access+this+resource.
X-VSS-S2STargetService: 0000005A-0000-8888-8000-000000000000/visualstudio.com
X-Cache: CONFIG_NOCACHE
X-MSEdge-Ref: Ref A: 812F52F06730422E8A1B72280DD090FD Ref B: BOM02EDGE0609 Ref C: 2022-05-12T12:43:38Z
Date: Thu, 12 May 2022 12:43:38 GMT

[2022-05-12 12:43:39Z INFO RSAFileKeyManager] Loading RSA key parameters from file /Users/aswinm/Documents/CoddleTech/GithubActions/self-hosted-runner/self-hosted-runner/actions-runner/.credentials_rsaparams
[2022-05-12 12:43:39Z INFO RSAFileKeyManager] Loading RSA key parameters from file /Users/aswinm/Documents/CoddleTech/GithubActions/self-hosted-runner/self-hosted-runner/actions-runner/.credentials_rsaparams
[2022-05-12 12:43:39Z INFO GitHubActionsService] AAD Correlation ID for this token request: Unknown
[2022-05-12 12:43:39Z INFO MessageListener] Session created.
[2022-05-12 12:43:39Z INFO Terminal] WRITE LINE: Current runner version: '2.291.1'
[2022-05-12 12:43:39Z INFO Terminal] WRITE LINE: 2022-05-12 12:43:39Z: Listening for Jobs
[2022-05-12 12:43:39Z INFO JobDispatcher] Set runner/worker IPC timeout to 30 seconds.
[2022-05-12 12:49:25Z INFO RSAFileKeyManager] Loading RSA key parameters from file /Users/aswinm/Documents/CoddleTech/GithubActions/self-hosted-runner/self-hosted-runner/actions-runner/.credentials_rsaparams
[2022-05-12 12:49:25Z INFO MessageListener] Message '1' received from session 'bfda2913-e94a-4392-8daf-519e4f87d813'.
[2022-05-12 12:49:25Z INFO Runner] Received job message of length 21430 from service, with hash 'e43a331428b47df029e6b1114dd276894297f710610057593167fefb3134e8a1'
[2022-05-12 12:49:25Z INFO JobDispatcher] Job request 12 for plan 5e60fcba-3bcf-401b-8d17-e37dbb34458f job ca395085-040a-526b-2ce8-bdc85f692774 received.
[2022-05-12 12:49:25Z INFO JobDispatcher] Pull OrchestrationId 5e60fcba-3bcf-401b-8d17-e37dbb34458f.build.__default from JWT claims
[2022-05-12 12:49:25Z INFO Terminal] WRITE LINE: 2022-05-12 12:49:25Z: Running job: build
[2022-05-12 12:49:25Z INFO JobDispatcher] Start renew job request 12 for job ca395085-040a-526b-2ce8-bdc85f692774.
[2022-05-12 12:49:26Z INFO JobDispatcher] Successfully renew job request 12, job is valid till 12/05/2022 12:59:26
[2022-05-12 12:49:26Z INFO HostContext] Well known directory 'Bin': '/Users/aswinm/Documents/CoddleTech/GithubActions/self-hosted-runner/self-hosted-runner/actions-runner/bin'
[2022-05-12 12:49:26Z INFO ProcessInvokerWrapper] Starting process:
[2022-05-12 12:49:26Z INFO ProcessInvokerWrapper]   File name: '/Users/aswinm/Documents/CoddleTech/GithubActions/self-hosted-runner/self-hosted-runner/actions-runner/bin/Runner.Worker'
[2022-05-12 12:49:26Z INFO ProcessInvokerWrapper]   Arguments: 'spawnclient 110 113'
[2022-05-12 12:49:26Z INFO ProcessInvokerWrapper]   Working directory: '/Users/aswinm/Documents/CoddleTech/GithubActions/self-hosted-runner/self-hosted-runner/actions-runner/bin'
[2022-05-12 12:49:26Z INFO ProcessInvokerWrapper]   Require exit code zero: 'False'
[2022-05-12 12:49:26Z INFO ProcessInvokerWrapper]   Encoding web name:  ; code page: ''
[2022-05-12 12:49:26Z INFO ProcessInvokerWrapper]   Force kill process on cancellation: 'True'
[2022-05-12 12:49:26Z INFO ProcessInvokerWrapper]   Redirected STDIN: 'False'
[2022-05-12 12:49:26Z INFO ProcessInvokerWrapper]   Persist current code page: 'False'
[2022-05-12 12:49:26Z INFO ProcessInvokerWrapper]   Keep redirected STDIN open: 'False'
[2022-05-12 12:49:26Z INFO ProcessInvokerWrapper]   High priority process: 'True'
[2022-05-12 12:49:26Z INFO ProcessInvokerWrapper] Process started with process id 6015, waiting for process exit.
[2022-05-12 12:49:26Z INFO JobDispatcher] Send job request message to worker for job ca395085-040a-526b-2ce8-bdc85f692774.
[2022-05-12 12:49:26Z INFO ProcessChannel] Sending message of length 21430, with hash 'e43a331428b47df029e6b1114dd276894297f710610057593167fefb3134e8a1'
[2022-05-12 12:49:26Z INFO JobNotification] Entering JobStarted Notification
[2022-05-12 12:49:26Z INFO JobNotification] Entering StartMonitor
[2022-05-12 12:50:26Z INFO JobDispatcher] Successfully renew job request 12, job is valid till 12/05/2022 13:00:26
[2022-05-12 12:51:26Z INFO JobDispatcher] Successfully renew job request 12, job is valid till 12/05/2022 13:01:26
[2022-05-12 12:51:34Z INFO ProcessInvokerWrapper] STDOUT/STDERR stream read finished.
[2022-05-12 12:51:34Z INFO ProcessInvokerWrapper] STDOUT/STDERR stream read finished.
[2022-05-12 12:51:34Z INFO ProcessInvokerWrapper] Finished process 6015 with exit code 100, and elapsed time 00:02:08.4785506.
[2022-05-12 12:51:34Z INFO JobDispatcher] Worker finished for job ca395085-040a-526b-2ce8-bdc85f692774. Code: 100
[2022-05-12 12:51:34Z INFO JobDispatcher] finish job request for job ca395085-040a-526b-2ce8-bdc85f692774 with result: Succeeded
[2022-05-12 12:51:34Z INFO Terminal] WRITE LINE: 2022-05-12 12:51:34Z: Job build completed with result: Succeeded
[2022-05-12 12:51:34Z INFO JobDispatcher] Stop renew job request for job ca395085-040a-526b-2ce8-bdc85f692774.
[2022-05-12 12:51:34Z INFO JobDispatcher] job renew has been cancelled, stop renew job request 12.
[2022-05-12 12:51:34Z INFO JobNotification] Entering JobCompleted Notification
[2022-05-12 12:51:34Z INFO JobNotification] Entering EndMonitor
[2022-05-12 13:19:39Z INFO MessageListener] No message retrieved from session 'bfda2913-e94a-4392-8daf-519e4f87d813' within last 30 minutes.
[2022-05-12 13:38:58Z WARN GitHubActionsService] Authentication failed with status code 401.
Transfer-Encoding: chunked
WWW-Authenticate: Bearer
Strict-Transport-Security: max-age=2592000
X-TFS-ProcessId: 95a3f928-6739-496b-af31-ca0a89ddafb9
ActivityId: 5744dabf-8b91-43b7-ae84-03551e82293b
X-TFS-Session: 546388db-0db2-40ee-989b-3ae90d17863d
X-VSS-E2EID: 78b293a5-343b-4dd2-85c0-21820f6146af
X-VSS-SenderDeploymentId: 9d51f527-7c54-71ef-5aa4-7c3dc660eb8a
X-TFS-ServiceError: The+user+%27System%3aPublicAccess%3baaaaaaaa-aaaa-aaaa-aaaa-aaaaaaaaaaaa%27+is+not+authorized+to+access+this+resource.
X-VSS-S2STargetService: 0000005A-0000-8888-8000-000000000000/visualstudio.com
X-Cache: CONFIG_NOCACHE
X-MSEdge-Ref: Ref A: B295431C12944CE69A9C178C95ACD73E Ref B: BOM02EDGE0609 Ref C: 2022-05-12T13:38:57Z
Date: Thu, 12 May 2022 13:38:57 GMT

[2022-05-12 13:38:58Z INFO RSAFileKeyManager] Loading RSA key parameters from file /Users/aswinm/Documents/CoddleTech/GithubActions/self-hosted-runner/self-hosted-runner/actions-runner/.credentials_rsaparams
[2022-05-12 13:38:59Z INFO GitHubActionsService] AAD Correlation ID for this token request: Unknown
[2022-05-12 13:49:53Z INFO MessageListener] No message retrieved from session 'bfda2913-e94a-4392-8daf-519e4f87d813' within last 30 minutes.
