[2022-05-17 12:26:17Z INFO HostContext] No proxy settings were found based on environmental variables (http_proxy/https_proxy/HTTP_PROXY/HTTPS_PROXY)
[2022-05-17 12:26:17Z INFO HostContext] Well known directory 'Bin': '/Users/aswinm/Documents/CoddleTech/GithubActions/self-hosted-runner/self-hosted-runner/actions-runner/bin'
[2022-05-17 12:26:17Z INFO HostContext] Well known directory 'Root': '/Users/aswinm/Documents/CoddleTech/GithubActions/self-hosted-runner/self-hosted-runner/actions-runner'
[2022-05-17 12:26:17Z INFO HostContext] Well known config file 'Credentials': '/Users/aswinm/Documents/CoddleTech/GithubActions/self-hosted-runner/self-hosted-runner/actions-runner/.credentials'
[2022-05-17 12:26:17Z INFO HostContext] Well known directory 'Bin': '/Users/aswinm/Documents/CoddleTech/GithubActions/self-hosted-runner/self-hosted-runner/actions-runner/bin'
[2022-05-17 12:26:17Z INFO HostContext] Well known directory 'Root': '/Users/aswinm/Documents/CoddleTech/GithubActions/self-hosted-runner/self-hosted-runner/actions-runner'
[2022-05-17 12:26:17Z INFO HostContext] Well known config file 'Runner': '/Users/aswinm/Documents/CoddleTech/GithubActions/self-hosted-runner/self-hosted-runner/actions-runner/.runner'
[2022-05-17 12:26:18Z INFO Listener] Runner is built for OSX (X64) - osx-x64.
[2022-05-17 12:26:18Z INFO Listener] RuntimeInformation: Darwin 19.6.0 Darwin Kernel Version 19.6.0: Tue Feb 15 21:39:11 PST 2022; root:xnu-6153.141.59~1/RELEASE_X86_64.
[2022-05-17 12:26:18Z INFO Listener] Version: 2.291.1
[2022-05-17 12:26:18Z INFO Listener] Commit: 496ec0df97891bd8e50f4431d01874ac3ab75a93
[2022-05-17 12:26:18Z INFO Listener] Culture: en-GB
[2022-05-17 12:26:18Z INFO Listener] UI Culture: en-GB
[2022-05-17 12:26:18Z INFO HostContext] Well known directory 'Bin': '/Users/aswinm/Documents/CoddleTech/GithubActions/self-hosted-runner/self-hosted-runner/actions-runner/bin'
[2022-05-17 12:26:18Z INFO HostContext] Well known directory 'Root': '/Users/aswinm/Documents/CoddleTech/GithubActions/self-hosted-runner/self-hosted-runner/actions-runner'
[2022-05-17 12:26:18Z INFO Listener] Validating directory permissions for: '/Users/aswinm/Documents/CoddleTech/GithubActions/self-hosted-runner/self-hosted-runner/actions-runner'
[2022-05-17 12:26:18Z INFO CommandLineParser] Parse
[2022-05-17 12:26:18Z INFO CommandLineParser] Parsing 1 args
[2022-05-17 12:26:18Z INFO CommandLineParser] parsing argument
[2022-05-17 12:26:18Z INFO CommandLineParser] HasArgs: False
[2022-05-17 12:26:18Z INFO CommandLineParser] Adding Command: run
[2022-05-17 12:26:18Z INFO Listener] Arguments parsed
[2022-05-17 12:26:18Z INFO Runner] ExecuteCommand
[2022-05-17 12:26:18Z INFO ConfigurationStore] currentAssemblyLocation: /Users/aswinm/Documents/CoddleTech/GithubActions/self-hosted-runner/self-hosted-runner/actions-runner/bin/Runner.Listener.dll
[2022-05-17 12:26:18Z INFO HostContext] Well known directory 'Bin': '/Users/aswinm/Documents/CoddleTech/GithubActions/self-hosted-runner/self-hosted-runner/actions-runner/bin'
[2022-05-17 12:26:18Z INFO ConfigurationStore] binPath: /Users/aswinm/Documents/CoddleTech/GithubActions/self-hosted-runner/self-hosted-runner/actions-runner/bin
[2022-05-17 12:26:18Z INFO HostContext] Well known directory 'Bin': '/Users/aswinm/Documents/CoddleTech/GithubActions/self-hosted-runner/self-hosted-runner/actions-runner/bin'
[2022-05-17 12:26:18Z INFO HostContext] Well known directory 'Root': '/Users/aswinm/Documents/CoddleTech/GithubActions/self-hosted-runner/self-hosted-runner/actions-runner'
[2022-05-17 12:26:18Z INFO ConfigurationStore] RootFolder: /Users/aswinm/Documents/CoddleTech/GithubActions/self-hosted-runner/self-hosted-runner/actions-runner
[2022-05-17 12:26:18Z INFO HostContext] Well known directory 'Bin': '/Users/aswinm/Documents/CoddleTech/GithubActions/self-hosted-runner/self-hosted-runner/actions-runner/bin'
[2022-05-17 12:26:18Z INFO HostContext] Well known directory 'Root': '/Users/aswinm/Documents/CoddleTech/GithubActions/self-hosted-runner/self-hosted-runner/actions-runner'
[2022-05-17 12:26:18Z INFO HostContext] Well known config file 'Runner': '/Users/aswinm/Documents/CoddleTech/GithubActions/self-hosted-runner/self-hosted-runner/actions-runner/.runner'
[2022-05-17 12:26:18Z INFO ConfigurationStore] ConfigFilePath: /Users/aswinm/Documents/CoddleTech/GithubActions/self-hosted-runner/self-hosted-runner/actions-runner/.runner
[2022-05-17 12:26:18Z INFO HostContext] Well known directory 'Bin': '/Users/aswinm/Documents/CoddleTech/GithubActions/self-hosted-runner/self-hosted-runner/actions-runner/bin'
[2022-05-17 12:26:18Z INFO HostContext] Well known directory 'Root': '/Users/aswinm/Documents/CoddleTech/GithubActions/self-hosted-runner/self-hosted-runner/actions-runner'
[2022-05-17 12:26:18Z INFO HostContext] Well known config file 'Credentials': '/Users/aswinm/Documents/CoddleTech/GithubActions/self-hosted-runner/self-hosted-runner/actions-runner/.credentials'
[2022-05-17 12:26:18Z INFO ConfigurationStore] CredFilePath: /Users/aswinm/Documents/CoddleTech/GithubActions/self-hosted-runner/self-hosted-runner/actions-runner/.credentials
[2022-05-17 12:26:18Z INFO HostContext] Well known directory 'Bin': '/Users/aswinm/Documents/CoddleTech/GithubActions/self-hosted-runner/self-hosted-runner/actions-runner/bin'
[2022-05-17 12:26:18Z INFO HostContext] Well known directory 'Root': '/Users/aswinm/Documents/CoddleTech/GithubActions/self-hosted-runner/self-hosted-runner/actions-runner'
[2022-05-17 12:26:18Z INFO HostContext] Well known config file 'MigratedCredentials': '/Users/aswinm/Documents/CoddleTech/GithubActions/self-hosted-runner/self-hosted-runner/actions-runner/.credentials_migrated'
[2022-05-17 12:26:18Z INFO ConfigurationStore] MigratedCredFilePath: /Users/aswinm/Documents/CoddleTech/GithubActions/self-hosted-runner/self-hosted-runner/actions-runner/.credentials_migrated
[2022-05-17 12:26:18Z INFO HostContext] Well known directory 'Bin': '/Users/aswinm/Documents/CoddleTech/GithubActions/self-hosted-runner/self-hosted-runner/actions-runner/bin'
[2022-05-17 12:26:18Z INFO HostContext] Well known directory 'Root': '/Users/aswinm/Documents/CoddleTech/GithubActions/self-hosted-runner/self-hosted-runner/actions-runner'
[2022-05-17 12:26:18Z INFO HostContext] Well known config file 'Service': '/Users/aswinm/Documents/CoddleTech/GithubActions/self-hosted-runner/self-hosted-runner/actions-runner/.service'
[2022-05-17 12:26:18Z INFO ConfigurationStore] ServiceConfigFilePath: /Users/aswinm/Documents/CoddleTech/GithubActions/self-hosted-runner/self-hosted-runner/actions-runner/.service
[2022-05-17 12:26:18Z INFO CommandSettings] Flag 'help': 'False'
[2022-05-17 12:26:18Z INFO CommandSettings] Flag 'version': 'False'
[2022-05-17 12:26:18Z INFO CommandSettings] Flag 'commit': 'False'
[2022-05-17 12:26:18Z INFO CommandSettings] Flag 'check': 'False'
[2022-05-17 12:26:18Z INFO CommandSettings] Command 'configure': 'False'
[2022-05-17 12:26:18Z INFO CommandSettings] Command 'remove': 'False'
[2022-05-17 12:26:18Z INFO CommandSettings] Command 'warmup': 'False'
[2022-05-17 12:26:18Z INFO ConfigurationManager] LoadSettings
[2022-05-17 12:26:18Z INFO ConfigurationStore] IsConfigured()
[2022-05-17 12:26:18Z INFO ConfigurationStore] IsConfigured: True
[2022-05-17 12:26:18Z INFO ConfigurationManager] Is configured: True
[2022-05-17 12:26:18Z INFO ConfigurationStore] Read setting file: 308 chars
[2022-05-17 12:26:18Z INFO ConfigurationManager] Settings Loaded
[2022-05-17 12:26:18Z INFO ConfigurationStore] IsServiceConfigured()
[2022-05-17 12:26:18Z INFO ConfigurationStore] IsServiceConfigured: False
[2022-05-17 12:26:18Z INFO CommandSettings] Command 'run': 'True'
[2022-05-17 12:26:18Z INFO ConfigurationStore] IsConfigured()
[2022-05-17 12:26:18Z INFO ConfigurationStore] IsConfigured: True
[2022-05-17 12:26:18Z INFO ConfigurationManager] Is configured: True
[2022-05-17 12:26:18Z INFO Runner] Could not parse the argument value '' for StartupType. Defaulting to Manual
[2022-05-17 12:26:18Z INFO Runner] Set runner startup type - Manual
[2022-05-17 12:26:18Z INFO CommandSettings] Flag 'once': 'False'
[2022-05-17 12:26:18Z INFO CommandSettings] Flag 'once': 'False'
[2022-05-17 12:26:18Z INFO Runner] RunAsync
[2022-05-17 12:26:18Z INFO ConfigurationManager] LoadSettings
[2022-05-17 12:26:18Z INFO ConfigurationStore] IsConfigured()
[2022-05-17 12:26:18Z INFO ConfigurationStore] IsConfigured: True
[2022-05-17 12:26:18Z INFO ConfigurationManager] Is configured: True
[2022-05-17 12:26:18Z INFO ConfigurationManager] Settings Loaded
[2022-05-17 12:26:18Z INFO MessageListener] {
  "AgentId": 23,
  "AgentName": "self-hosted-runner",
  "PoolId": 1,
  "PoolName": "Default",
  "ServerUrl": "https://pipelines.actions.githubusercontent.com/LftkO8mKPpgyCoCC7Fg8RPtNHIE1x6qgGjoljQBa93lfGFLg2i",
  "GitHubUrl": "https://github.com/Aswin-Coddletech/GH-React-Action",
  "WorkFolder": "_work"
}
[2022-05-17 12:26:18Z INFO MessageListener] Loading Credentials
[2022-05-17 12:26:18Z INFO ConfigurationStore] HasCredentials()
[2022-05-17 12:26:18Z INFO ConfigurationStore] stored True
[2022-05-17 12:26:18Z INFO CredentialManager] GetCredentialProvider
[2022-05-17 12:26:18Z INFO CredentialManager] Creating type OAuth
[2022-05-17 12:26:18Z INFO CredentialManager] Creating credential type: OAuth
[2022-05-17 12:26:18Z INFO HostContext] Well known directory 'Bin': '/Users/aswinm/Documents/CoddleTech/GithubActions/self-hosted-runner/self-hosted-runner/actions-runner/bin'
[2022-05-17 12:26:18Z INFO HostContext] Well known directory 'Root': '/Users/aswinm/Documents/CoddleTech/GithubActions/self-hosted-runner/self-hosted-runner/actions-runner'
[2022-05-17 12:26:18Z INFO HostContext] Well known config file 'RSACredentials': '/Users/aswinm/Documents/CoddleTech/GithubActions/self-hosted-runner/self-hosted-runner/actions-runner/.credentials_rsaparams'
[2022-05-17 12:26:18Z INFO RSAFileKeyManager] Loading RSA key parameters from file /Users/aswinm/Documents/CoddleTech/GithubActions/self-hosted-runner/self-hosted-runner/actions-runner/.credentials_rsaparams
[2022-05-17 12:26:18Z INFO MessageListener] Attempt to create session.
[2022-05-17 12:26:18Z INFO MessageListener] Connecting to the Runner Server...
[2022-05-17 12:26:18Z INFO RunnerServer] Establish connection with 100 seconds timeout.
[2022-05-17 12:26:18Z INFO GitHubActionsService] Starting operation Location.GetConnectionData
[2022-05-17 12:26:18Z INFO RunnerServer] Establish connection with 60 seconds timeout.
[2022-05-17 12:26:18Z INFO GitHubActionsService] Starting operation Location.GetConnectionData
[2022-05-17 12:26:18Z INFO RunnerServer] Establish connection with 60 seconds timeout.
[2022-05-17 12:26:18Z INFO GitHubActionsService] Starting operation Location.GetConnectionData
[2022-05-17 12:26:19Z INFO GitHubActionsService] Finished operation Location.GetConnectionData
[2022-05-17 12:26:19Z INFO GitHubActionsService] Finished operation Location.GetConnectionData
[2022-05-17 12:26:19Z INFO GitHubActionsService] Finished operation Location.GetConnectionData
[2022-05-17 12:26:19Z INFO MessageListener] VssConnection created
[2022-05-17 12:26:19Z INFO Terminal] WRITE LINE: 
[2022-05-17 12:26:19Z INFO Terminal] WRITE LINE: 
[2022-05-17 12:26:20Z WARN GitHubActionsService] Authentication failed with status code 401.
Transfer-Encoding: chunked
WWW-Authenticate: Bearer
Strict-Transport-Security: max-age=2592000
X-TFS-ProcessId: 5127d544-6e62-4213-9d47-1c7f71928670
ActivityId: 58a36f75-5139-4d5c-b3ac-79ab7bc99531
X-TFS-Session: 7f353949-c1e2-4629-9fda-f434d939854e
X-VSS-E2EID: 463c3576-459c-4986-8e28-b9aa60cbd014
X-VSS-SenderDeploymentId: 9d51f527-7c54-71ef-5aa4-7c3dc660eb8a
X-TFS-ServiceError: The+user+%27System%3aPublicAccess%3baaaaaaaa-aaaa-aaaa-aaaa-aaaaaaaaaaaa%27+is+not+authorized+to+access+this+resource.
X-VSS-S2STargetService: 0000005A-0000-8888-8000-000000000000/visualstudio.com
X-Cache: CONFIG_NOCACHE
X-MSEdge-Ref: Ref A: B4D7C53600884262A29BF1996FD3707D Ref B: BOM02EDGE0707 Ref C: 2022-05-17T12:26:19Z
Date: Tue, 17 May 2022 12:26:19 GMT

[2022-05-17 12:26:20Z INFO RSAFileKeyManager] Loading RSA key parameters from file /Users/aswinm/Documents/CoddleTech/GithubActions/self-hosted-runner/self-hosted-runner/actions-runner/.credentials_rsaparams
[2022-05-17 12:26:20Z INFO RSAFileKeyManager] Loading RSA key parameters from file /Users/aswinm/Documents/CoddleTech/GithubActions/self-hosted-runner/self-hosted-runner/actions-runner/.credentials_rsaparams
[2022-05-17 12:26:20Z INFO GitHubActionsService] AAD Correlation ID for this token request: Unknown
[2022-05-17 12:26:20Z INFO MessageListener] Session created.
[2022-05-17 12:26:20Z INFO Terminal] WRITE LINE: Current runner version: '2.291.1'
[2022-05-17 12:26:20Z INFO Terminal] WRITE LINE: 2022-05-17 12:26:20Z: Listening for Jobs
[2022-05-17 12:26:20Z INFO JobDispatcher] Set runner/worker IPC timeout to 30 seconds.
[2022-05-17 12:42:28Z INFO RSAFileKeyManager] Loading RSA key parameters from file /Users/aswinm/Documents/CoddleTech/GithubActions/self-hosted-runner/self-hosted-runner/actions-runner/.credentials_rsaparams
[2022-05-17 12:42:28Z INFO MessageListener] Message '1' received from session 'e43f5830-1056-410a-b912-0ff545288d62'.
[2022-05-17 12:42:28Z INFO Runner] Received job message of length 21579 from service, with hash 'bfe06ac72839989d0ed11fbfba93fd3b6a1fb54addee5531cd2e57f26d382d2b'
[2022-05-17 12:42:28Z INFO JobDispatcher] Job request 21 for plan 9af9be21-3859-43cf-b3f2-2ba159c3972e job ca395085-040a-526b-2ce8-bdc85f692774 received.
[2022-05-17 12:42:28Z INFO JobDispatcher] Pull OrchestrationId 9af9be21-3859-43cf-b3f2-2ba159c3972e.build.__default from JWT claims
[2022-05-17 12:42:28Z INFO Terminal] WRITE LINE: 2022-05-17 12:42:28Z: Running job: build
[2022-05-17 12:42:28Z INFO JobDispatcher] Start renew job request 21 for job ca395085-040a-526b-2ce8-bdc85f692774.
[2022-05-17 12:42:29Z INFO JobDispatcher] Successfully renew job request 21, job is valid till 17/05/2022 12:52:29
[2022-05-17 12:42:29Z INFO HostContext] Well known directory 'Bin': '/Users/aswinm/Documents/CoddleTech/GithubActions/self-hosted-runner/self-hosted-runner/actions-runner/bin'
[2022-05-17 12:42:29Z INFO ProcessInvokerWrapper] Starting process:
[2022-05-17 12:42:29Z INFO ProcessInvokerWrapper]   File name: '/Users/aswinm/Documents/CoddleTech/GithubActions/self-hosted-runner/self-hosted-runner/actions-runner/bin/Runner.Worker'
[2022-05-17 12:42:29Z INFO ProcessInvokerWrapper]   Arguments: 'spawnclient 110 113'
[2022-05-17 12:42:29Z INFO ProcessInvokerWrapper]   Working directory: '/Users/aswinm/Documents/CoddleTech/GithubActions/self-hosted-runner/self-hosted-runner/actions-runner/bin'
[2022-05-17 12:42:29Z INFO ProcessInvokerWrapper]   Require exit code zero: 'False'
[2022-05-17 12:42:29Z INFO ProcessInvokerWrapper]   Encoding web name:  ; code page: ''
[2022-05-17 12:42:29Z INFO ProcessInvokerWrapper]   Force kill process on cancellation: 'True'
[2022-05-17 12:42:29Z INFO ProcessInvokerWrapper]   Redirected STDIN: 'False'
[2022-05-17 12:42:29Z INFO ProcessInvokerWrapper]   Persist current code page: 'False'
[2022-05-17 12:42:29Z INFO ProcessInvokerWrapper]   Keep redirected STDIN open: 'False'
[2022-05-17 12:42:29Z INFO ProcessInvokerWrapper]   High priority process: 'True'
[2022-05-17 12:42:29Z INFO ProcessInvokerWrapper] Process started with process id 18507, waiting for process exit.
[2022-05-17 12:42:29Z INFO JobDispatcher] Send job request message to worker for job ca395085-040a-526b-2ce8-bdc85f692774.
[2022-05-17 12:42:29Z INFO ProcessChannel] Sending message of length 21579, with hash 'bfe06ac72839989d0ed11fbfba93fd3b6a1fb54addee5531cd2e57f26d382d2b'
[2022-05-17 12:42:29Z INFO JobNotification] Entering JobStarted Notification
[2022-05-17 12:42:29Z INFO JobNotification] Entering StartMonitor
[2022-05-17 12:43:29Z INFO JobDispatcher] Successfully renew job request 21, job is valid till 17/05/2022 12:53:29
[2022-05-17 12:44:29Z INFO JobDispatcher] Successfully renew job request 21, job is valid till 17/05/2022 12:54:29
[2022-05-17 12:45:30Z INFO JobDispatcher] Successfully renew job request 21, job is valid till 17/05/2022 12:55:30
[2022-05-17 12:46:31Z INFO JobDispatcher] Successfully renew job request 21, job is valid till 17/05/2022 12:56:30
[2022-05-17 12:47:31Z INFO JobDispatcher] Successfully renew job request 21, job is valid till 17/05/2022 12:57:31
[2022-05-17 12:48:32Z INFO JobDispatcher] Successfully renew job request 21, job is valid till 17/05/2022 12:58:32
[2022-05-17 12:49:33Z INFO JobDispatcher] Successfully renew job request 21, job is valid till 17/05/2022 12:59:32
[2022-05-17 12:49:43Z INFO ProcessInvokerWrapper] STDOUT/STDERR stream read finished.
[2022-05-17 12:49:43Z INFO ProcessInvokerWrapper] STDOUT/STDERR stream read finished.
[2022-05-17 12:49:43Z INFO ProcessInvokerWrapper] Finished process 18507 with exit code 102, and elapsed time 00:07:14.2902928.
[2022-05-17 12:49:43Z INFO JobDispatcher] Worker finished for job ca395085-040a-526b-2ce8-bdc85f692774. Code: 102
[2022-05-17 12:49:43Z INFO JobDispatcher] finish job request for job ca395085-040a-526b-2ce8-bdc85f692774 with result: Failed
[2022-05-17 12:49:43Z INFO Terminal] WRITE LINE: 2022-05-17 12:49:43Z: Job build completed with result: Failed
[2022-05-17 12:49:43Z INFO JobDispatcher] Stop renew job request for job ca395085-040a-526b-2ce8-bdc85f692774.
[2022-05-17 12:49:43Z INFO JobDispatcher] job renew has been cancelled, stop renew job request 21.
[2022-05-17 12:49:43Z INFO JobNotification] Entering JobCompleted Notification
[2022-05-17 12:49:43Z INFO JobNotification] Entering EndMonitor
[2022-05-17 13:35:22Z WARN GitHubActionsService] GET request to https://pipelines.actions.githubusercontent.com/LftkO8mKPpgyCoCC7Fg8RPtNHIE1x6qgGjoljQBa93lfGFLg2i/_apis/distributedtask/pools/1/messages?sessionId=e43f5830-1056-410a-b912-0ff545288d62&lastMessageId=1 timed out after 60 seconds.
[2022-05-17 13:35:22Z ERR  MessageListener] Catch exception during get next message.
[2022-05-17 13:35:23Z ERR  MessageListener] System.TimeoutException: The HTTP request timed out after 00:01:00.
 ---> System.Threading.Tasks.TaskCanceledException: The operation was canceled.
 ---> System.IO.IOException: Unable to read data from the transport connection: Operation canceled.
 ---> System.Net.Sockets.SocketException (89): Operation canceled
   --- End of inner exception stack trace ---
   at System.Net.Sockets.Socket.AwaitableSocketAsyncEventArgs.ThrowException(SocketError error, CancellationToken cancellationToken)
   at System.Net.Sockets.Socket.AwaitableSocketAsyncEventArgs.System.Threading.Tasks.Sources.IValueTaskSource<System.Int32>.GetResult(Int16 token)
   at System.Net.Security.SslStream.EnsureFullTlsFrameAsync[TIOAdapter](TIOAdapter adapter)
   at System.Net.Security.SslStream.ReadAsyncInternal[TIOAdapter](TIOAdapter adapter, Memory`1 buffer)
   at System.Net.Http.HttpConnection.SendAsyncCore(HttpRequestMessage request, Boolean async, CancellationToken cancellationToken)
   --- End of inner exception stack trace ---
   at System.Net.Http.HttpConnection.SendAsyncCore(HttpRequestMessage request, Boolean async, CancellationToken cancellationToken)
   at System.Net.Http.AuthenticationHelper.SendWithNtAuthAsync(HttpRequestMessage request, Uri authUri, Boolean async, ICredentials credentials, Boolean isProxyAuth, HttpConnection connection, HttpConnectionPool connectionPool, CancellationToken cancellationToken)
   at System.Net.Http.HttpConnectionPool.SendWithVersionDetectionAndRetryAsync(HttpRequestMessage request, Boolean async, Boolean doRequestAuth, CancellationToken cancellationToken)
   at System.Net.Http.AuthenticationHelper.SendWithAuthAsync(HttpRequestMessage request, Uri authUri, Boolean async, ICredentials credentials, Boolean preAuthenticate, Boolean isProxyAuth, Boolean doRequestAuth, HttpConnectionPool pool, CancellationToken cancellationToken)
   at System.Net.Http.DecompressionHandler.SendAsync(HttpRequestMessage request, Boolean async, CancellationToken cancellationToken)
   at GitHub.Services.Common.VssHttpMessageHandler.SendAsync(HttpRequestMessage request, CancellationToken cancellationToken)
   --- End of inner exception stack trace ---
   at GitHub.Services.Common.VssHttpMessageHandler.SendAsync(HttpRequestMessage request, CancellationToken cancellationToken)
   at GitHub.Services.Common.VssHttpRetryMessageHandler.SendAsync(HttpRequestMessage request, CancellationToken cancellationToken)
   at System.Net.Http.HttpClient.<SendAsync>g__Core|83_0(HttpRequestMessage request, HttpCompletionOption completionOption, CancellationTokenSource cts, Boolean disposeCts, CancellationTokenSource pendingRequestsCts, CancellationToken originalCancellationToken)
   at GitHub.Services.WebApi.VssHttpClientBase.SendAsync(HttpRequestMessage message, HttpCompletionOption completionOption, Object userState, CancellationToken cancellationToken)
   at GitHub.Services.WebApi.VssHttpClientBase.SendAsync[T](HttpRequestMessage message, Object userState, CancellationToken cancellationToken)
   at GitHub.Services.WebApi.VssHttpClientBase.SendAsync[T](HttpMethod method, IEnumerable`1 additionalHeaders, Guid locationId, Object routeValues, ApiResourceVersion version, HttpContent content, IEnumerable`1 queryParameters, Object userState, CancellationToken cancellationToken)
   at GitHub.Runner.Listener.MessageListener.GetNextMessageAsync(CancellationToken token)
[2022-05-17 13:35:23Z ERR  MessageListener] #####################################################
[2022-05-17 13:35:23Z ERR  MessageListener] System.Threading.Tasks.TaskCanceledException: The operation was canceled.
 ---> System.IO.IOException: Unable to read data from the transport connection: Operation canceled.
 ---> System.Net.Sockets.SocketException (89): Operation canceled
   --- End of inner exception stack trace ---
   at System.Net.Sockets.Socket.AwaitableSocketAsyncEventArgs.ThrowException(SocketError error, CancellationToken cancellationToken)
   at System.Net.Sockets.Socket.AwaitableSocketAsyncEventArgs.System.Threading.Tasks.Sources.IValueTaskSource<System.Int32>.GetResult(Int16 token)
   at System.Net.Security.SslStream.EnsureFullTlsFrameAsync[TIOAdapter](TIOAdapter adapter)
   at System.Net.Security.SslStream.ReadAsyncInternal[TIOAdapter](TIOAdapter adapter, Memory`1 buffer)
   at System.Net.Http.HttpConnection.SendAsyncCore(HttpRequestMessage request, Boolean async, CancellationToken cancellationToken)
   --- End of inner exception stack trace ---
   at System.Net.Http.HttpConnection.SendAsyncCore(HttpRequestMessage request, Boolean async, CancellationToken cancellationToken)
   at System.Net.Http.AuthenticationHelper.SendWithNtAuthAsync(HttpRequestMessage request, Uri authUri, Boolean async, ICredentials credentials, Boolean isProxyAuth, HttpConnection connection, HttpConnectionPool connectionPool, CancellationToken cancellationToken)
   at System.Net.Http.HttpConnectionPool.SendWithVersionDetectionAndRetryAsync(HttpRequestMessage request, Boolean async, Boolean doRequestAuth, CancellationToken cancellationToken)
   at System.Net.Http.AuthenticationHelper.SendWithAuthAsync(HttpRequestMessage request, Uri authUri, Boolean async, ICredentials credentials, Boolean preAuthenticate, Boolean isProxyAuth, Boolean doRequestAuth, HttpConnectionPool pool, CancellationToken cancellationToken)
   at System.Net.Http.DecompressionHandler.SendAsync(HttpRequestMessage request, Boolean async, CancellationToken cancellationToken)
   at GitHub.Services.Common.VssHttpMessageHandler.SendAsync(HttpRequestMessage request, CancellationToken cancellationToken)
[2022-05-17 13:35:23Z ERR  MessageListener] #####################################################
[2022-05-17 13:35:23Z ERR  MessageListener] System.IO.IOException: Unable to read data from the transport connection: Operation canceled.
 ---> System.Net.Sockets.SocketException (89): Operation canceled
   --- End of inner exception stack trace ---
   at System.Net.Sockets.Socket.AwaitableSocketAsyncEventArgs.ThrowException(SocketError error, CancellationToken cancellationToken)
   at System.Net.Sockets.Socket.AwaitableSocketAsyncEventArgs.System.Threading.Tasks.Sources.IValueTaskSource<System.Int32>.GetResult(Int16 token)
   at System.Net.Security.SslStream.EnsureFullTlsFrameAsync[TIOAdapter](TIOAdapter adapter)
   at System.Net.Security.SslStream.ReadAsyncInternal[TIOAdapter](TIOAdapter adapter, Memory`1 buffer)
   at System.Net.Http.HttpConnection.SendAsyncCore(HttpRequestMessage request, Boolean async, CancellationToken cancellationToken)
[2022-05-17 13:35:23Z ERR  MessageListener] #####################################################
[2022-05-17 13:35:23Z ERR  MessageListener] System.Net.Sockets.SocketException (89): Operation canceled
[2022-05-17 13:35:23Z INFO MessageListener] Retriable exception: The HTTP request timed out after 00:01:00.
[2022-05-17 13:35:23Z ERR  Terminal] WRITE ERROR: 2022-05-17 13:35:23Z: Runner connect error: The HTTP request timed out after 00:01:00.. Retrying until reconnected.
[2022-05-17 13:35:23Z INFO RunnerServer] Refresh MessageQueue VssConnection to get on a different AFD node.
[2022-05-17 13:35:23Z INFO RunnerServer] Establish connection with 60 seconds timeout.
[2022-05-17 13:35:23Z INFO GitHubActionsService] Starting operation Location.GetConnectionData
[2022-05-17 13:35:23Z ERR  GitHubActionsService] GET request to https://pipelines.actions.githubusercontent.com/LftkO8mKPpgyCoCC7Fg8RPtNHIE1x6qgGjoljQBa93lfGFLg2i/_apis/connectionData?connectOptions=0&lastChangeId=3944449&lastChangeId64=3944449 failed. System.Net.Http.HttpRequestException: nodename nor servname provided, or not known (pipelines.actions.githubusercontent.com:443)
 ---> System.Net.Sockets.SocketException (0xFFFDFFFF): nodename nor servname provided, or not known
   at System.Net.Sockets.Socket.AwaitableSocketAsyncEventArgs.ThrowException(SocketError error, CancellationToken cancellationToken)
   at System.Net.Sockets.Socket.AwaitableSocketAsyncEventArgs.System.Threading.Tasks.Sources.IValueTaskSource.GetResult(Int16 token)
   at System.Net.Sockets.Socket.<ConnectAsync>g__WaitForConnectWithCancellation|277_0(AwaitableSocketAsyncEventArgs saea, ValueTask connectTask, CancellationToken cancellationToken)
   at System.Net.Http.HttpConnectionPool.ConnectToTcpHostAsync(String host, Int32 port, HttpRequestMessage initialRequest, Boolean async, CancellationToken cancellationToken)
   --- End of inner exception stack trace ---
   at System.Net.Http.HttpConnectionPool.ConnectToTcpHostAsync(String host, Int32 port, HttpRequestMessage initialRequest, Boolean async, CancellationToken cancellationToken)
   at System.Net.Http.HttpConnectionPool.ConnectAsync(HttpRequestMessage request, Boolean async, CancellationToken cancellationToken)
   at System.Net.Http.HttpConnectionPool.CreateHttp11ConnectionAsync(HttpRequestMessage request, Boolean async, CancellationToken cancellationToken)
   at System.Net.Http.HttpConnectionPool.AddHttp11ConnectionAsync(HttpRequestMessage request)
   at System.Threading.Tasks.TaskCompletionSourceWithCancellation`1.WaitWithCancellationAsync(CancellationToken cancellationToken)
   at System.Net.Http.HttpConnectionPool.GetHttp11ConnectionAsync(HttpRequestMessage request, Boolean async, CancellationToken cancellationToken)
   at System.Net.Http.HttpConnectionPool.SendWithVersionDetectionAndRetryAsync(HttpRequestMessage request, Boolean async, Boolean doRequestAuth, CancellationToken cancellationToken)
   at System.Net.Http.AuthenticationHelper.SendWithAuthAsync(HttpRequestMessage request, Uri authUri, Boolean async, ICredentials credentials, Boolean preAuthenticate, Boolean isProxyAuth, Boolean doRequestAuth, HttpConnectionPool pool, CancellationToken cancellationToken)
   at System.Net.Http.DecompressionHandler.SendAsync(HttpRequestMessage request, Boolean async, CancellationToken cancellationToken)
   at GitHub.Services.Common.VssHttpMessageHandler.SendAsync(HttpRequestMessage request, CancellationToken cancellationToken)
   at GitHub.Services.Common.VssHttpRetryMessageHandler.SendAsync(HttpRequestMessage request, CancellationToken cancellationToken)
[2022-05-17 13:35:23Z INFO GitHubActionsService] Finished operation Location.GetConnectionData
[2022-05-17 13:35:23Z INFO RunnerServer] Catch exception during connect. 4 attempt left.
[2022-05-17 13:35:23Z ERR  RunnerServer] System.Net.Http.HttpRequestException: nodename nor servname provided, or not known (pipelines.actions.githubusercontent.com:443)
 ---> System.Net.Sockets.SocketException (0xFFFDFFFF): nodename nor servname provided, or not known
   at System.Net.Sockets.Socket.AwaitableSocketAsyncEventArgs.ThrowException(SocketError error, CancellationToken cancellationToken)
   at System.Net.Sockets.Socket.AwaitableSocketAsyncEventArgs.System.Threading.Tasks.Sources.IValueTaskSource.GetResult(Int16 token)
   at System.Net.Sockets.Socket.<ConnectAsync>g__WaitForConnectWithCancellation|277_0(AwaitableSocketAsyncEventArgs saea, ValueTask connectTask, CancellationToken cancellationToken)
   at System.Net.Http.HttpConnectionPool.ConnectToTcpHostAsync(String host, Int32 port, HttpRequestMessage initialRequest, Boolean async, CancellationToken cancellationToken)
   --- End of inner exception stack trace ---
   at GitHub.Services.Common.VssHttpRetryMessageHandler.SendAsync(HttpRequestMessage request, CancellationToken cancellationToken)
   at System.Net.Http.HttpClient.<SendAsync>g__Core|83_0(HttpRequestMessage request, HttpCompletionOption completionOption, CancellationTokenSource cts, Boolean disposeCts, CancellationTokenSource pendingRequestsCts, CancellationToken originalCancellationToken)
   at GitHub.Services.WebApi.VssHttpClientBase.SendAsync(HttpRequestMessage message, HttpCompletionOption completionOption, Object userState, CancellationToken cancellationToken)
   at GitHub.Services.WebApi.VssHttpClientBase.SendAsync[T](HttpRequestMessage message, Object userState, CancellationToken cancellationToken)
   at GitHub.Services.Location.Client.LocationHttpClient.GetConnectionDataAsync(ConnectOptions connectOptions, Int64 lastChangeId, CancellationToken cancellationToken, Object userState)
   at GitHub.Services.WebApi.Location.VssServerDataProvider.GetConnectionDataAsync(ConnectOptions connectOptions, Int32 lastChangeId, CancellationToken cancellationToken)
   at GitHub.Services.WebApi.Location.VssServerDataProvider.ConnectAsync(ConnectOptions connectOptions, CancellationToken cancellationToken)
   at GitHub.Runner.Common.RunnerServer.EstablishVssConnection(Uri serverUrl, VssCredentials credentials, TimeSpan timeout)
[2022-05-17 13:35:23Z ERR  RunnerServer] #####################################################
[2022-05-17 13:35:23Z ERR  RunnerServer] System.Net.Sockets.SocketException (0xFFFDFFFF): nodename nor servname provided, or not known
   at System.Net.Sockets.Socket.AwaitableSocketAsyncEventArgs.ThrowException(SocketError error, CancellationToken cancellationToken)
   at System.Net.Sockets.Socket.AwaitableSocketAsyncEventArgs.System.Threading.Tasks.Sources.IValueTaskSource.GetResult(Int16 token)
   at System.Net.Sockets.Socket.<ConnectAsync>g__WaitForConnectWithCancellation|277_0(AwaitableSocketAsyncEventArgs saea, ValueTask connectTask, CancellationToken cancellationToken)
   at System.Net.Http.HttpConnectionPool.ConnectToTcpHostAsync(String host, Int32 port, HttpRequestMessage initialRequest, Boolean async, CancellationToken cancellationToken)
[2022-05-17 13:35:23Z INFO GitHubActionsService] Starting operation Location.GetConnectionData
[2022-05-17 13:35:23Z ERR  GitHubActionsService] GET request to https://pipelines.actions.githubusercontent.com/LftkO8mKPpgyCoCC7Fg8RPtNHIE1x6qgGjoljQBa93lfGFLg2i/_apis/connectionData?connectOptions=0&lastChangeId=3944449&lastChangeId64=3944449 failed. System.Net.Http.HttpRequestException: nodename nor servname provided, or not known (pipelines.actions.githubusercontent.com:443)
 ---> System.Net.Sockets.SocketException (0xFFFDFFFF): nodename nor servname provided, or not known
   at System.Net.Sockets.Socket.AwaitableSocketAsyncEventArgs.ThrowException(SocketError error, CancellationToken cancellationToken)
   at System.Net.Sockets.Socket.AwaitableSocketAsyncEventArgs.System.Threading.Tasks.Sources.IValueTaskSource.GetResult(Int16 token)
   at System.Net.Sockets.Socket.<ConnectAsync>g__WaitForConnectWithCancellation|277_0(AwaitableSocketAsyncEventArgs saea, ValueTask connectTask, CancellationToken cancellationToken)
   at System.Net.Http.HttpConnectionPool.ConnectToTcpHostAsync(String host, Int32 port, HttpRequestMessage initialRequest, Boolean async, CancellationToken cancellationToken)
   --- End of inner exception stack trace ---
   at System.Net.Http.HttpConnectionPool.ConnectToTcpHostAsync(String host, Int32 port, HttpRequestMessage initialRequest, Boolean async, CancellationToken cancellationToken)
   at System.Net.Http.HttpConnectionPool.ConnectAsync(HttpRequestMessage request, Boolean async, CancellationToken cancellationToken)
   at System.Net.Http.HttpConnectionPool.CreateHttp11ConnectionAsync(HttpRequestMessage request, Boolean async, CancellationToken cancellationToken)
   at System.Net.Http.HttpConnectionPool.AddHttp11ConnectionAsync(HttpRequestMessage request)
   at System.Threading.Tasks.TaskCompletionSourceWithCancellation`1.WaitWithCancellationAsync(CancellationToken cancellationToken)
   at System.Net.Http.HttpConnectionPool.GetHttp11ConnectionAsync(HttpRequestMessage request, Boolean async, CancellationToken cancellationToken)
   at System.Net.Http.HttpConnectionPool.SendWithVersionDetectionAndRetryAsync(HttpRequestMessage request, Boolean async, Boolean doRequestAuth, CancellationToken cancellationToken)
   at System.Net.Http.AuthenticationHelper.SendWithAuthAsync(HttpRequestMessage request, Uri authUri, Boolean async, ICredentials credentials, Boolean preAuthenticate, Boolean isProxyAuth, Boolean doRequestAuth, HttpConnectionPool pool, CancellationToken cancellationToken)
   at System.Net.Http.DecompressionHandler.SendAsync(HttpRequestMessage request, Boolean async, CancellationToken cancellationToken)
   at GitHub.Services.Common.VssHttpMessageHandler.SendAsync(HttpRequestMessage request, CancellationToken cancellationToken)
   at GitHub.Services.Common.VssHttpRetryMessageHandler.SendAsync(HttpRequestMessage request, CancellationToken cancellationToken)
[2022-05-17 13:35:23Z INFO GitHubActionsService] Finished operation Location.GetConnectionData
[2022-05-17 13:35:23Z INFO RunnerServer] Catch exception during connect. 3 attempt left.
[2022-05-17 13:35:23Z ERR  RunnerServer] System.Net.Http.HttpRequestException: nodename nor servname provided, or not known (pipelines.actions.githubusercontent.com:443)
 ---> System.Net.Sockets.SocketException (0xFFFDFFFF): nodename nor servname provided, or not known
   at System.Net.Sockets.Socket.AwaitableSocketAsyncEventArgs.ThrowException(SocketError error, CancellationToken cancellationToken)
   at System.Net.Sockets.Socket.AwaitableSocketAsyncEventArgs.System.Threading.Tasks.Sources.IValueTaskSource.GetResult(Int16 token)
   at System.Net.Sockets.Socket.<ConnectAsync>g__WaitForConnectWithCancellation|277_0(AwaitableSocketAsyncEventArgs saea, ValueTask connectTask, CancellationToken cancellationToken)
   at System.Net.Http.HttpConnectionPool.ConnectToTcpHostAsync(String host, Int32 port, HttpRequestMessage initialRequest, Boolean async, CancellationToken cancellationToken)
   --- End of inner exception stack trace ---
   at GitHub.Services.Common.VssHttpRetryMessageHandler.SendAsync(HttpRequestMessage request, CancellationToken cancellationToken)
   at System.Net.Http.HttpClient.<SendAsync>g__Core|83_0(HttpRequestMessage request, HttpCompletionOption completionOption, CancellationTokenSource cts, Boolean disposeCts, CancellationTokenSource pendingRequestsCts, CancellationToken originalCancellationToken)
   at GitHub.Services.WebApi.VssHttpClientBase.SendAsync(HttpRequestMessage message, HttpCompletionOption completionOption, Object userState, CancellationToken cancellationToken)
   at GitHub.Services.WebApi.VssHttpClientBase.SendAsync[T](HttpRequestMessage message, Object userState, CancellationToken cancellationToken)
   at GitHub.Services.Location.Client.LocationHttpClient.GetConnectionDataAsync(ConnectOptions connectOptions, Int64 lastChangeId, CancellationToken cancellationToken, Object userState)
   at GitHub.Services.WebApi.Location.VssServerDataProvider.GetConnectionDataAsync(ConnectOptions connectOptions, Int32 lastChangeId, CancellationToken cancellationToken)
   at GitHub.Services.WebApi.Location.VssServerDataProvider.ConnectAsync(ConnectOptions connectOptions, CancellationToken cancellationToken)
   at GitHub.Runner.Common.RunnerServer.EstablishVssConnection(Uri serverUrl, VssCredentials credentials, TimeSpan timeout)
[2022-05-17 13:35:23Z ERR  RunnerServer] #####################################################
[2022-05-17 13:35:23Z ERR  RunnerServer] System.Net.Sockets.SocketException (0xFFFDFFFF): nodename nor servname provided, or not known
   at System.Net.Sockets.Socket.AwaitableSocketAsyncEventArgs.ThrowException(SocketError error, CancellationToken cancellationToken)
   at System.Net.Sockets.Socket.AwaitableSocketAsyncEventArgs.System.Threading.Tasks.Sources.IValueTaskSource.GetResult(Int16 token)
   at System.Net.Sockets.Socket.<ConnectAsync>g__WaitForConnectWithCancellation|277_0(AwaitableSocketAsyncEventArgs saea, ValueTask connectTask, CancellationToken cancellationToken)
   at System.Net.Http.HttpConnectionPool.ConnectToTcpHostAsync(String host, Int32 port, HttpRequestMessage initialRequest, Boolean async, CancellationToken cancellationToken)
[2022-05-17 13:35:23Z INFO GitHubActionsService] Starting operation Location.GetConnectionData
[2022-05-17 13:35:23Z ERR  GitHubActionsService] GET request to https://pipelines.actions.githubusercontent.com/LftkO8mKPpgyCoCC7Fg8RPtNHIE1x6qgGjoljQBa93lfGFLg2i/_apis/connectionData?connectOptions=0&lastChangeId=3944449&lastChangeId64=3944449 failed. System.Net.Http.HttpRequestException: nodename nor servname provided, or not known (pipelines.actions.githubusercontent.com:443)
 ---> System.Net.Sockets.SocketException (0xFFFDFFFF): nodename nor servname provided, or not known
   at System.Net.Sockets.Socket.AwaitableSocketAsyncEventArgs.ThrowException(SocketError error, CancellationToken cancellationToken)
   at System.Net.Sockets.Socket.AwaitableSocketAsyncEventArgs.System.Threading.Tasks.Sources.IValueTaskSource.GetResult(Int16 token)
   at System.Net.Sockets.Socket.<ConnectAsync>g__WaitForConnectWithCancellation|277_0(AwaitableSocketAsyncEventArgs saea, ValueTask connectTask, CancellationToken cancellationToken)
   at System.Net.Http.HttpConnectionPool.ConnectToTcpHostAsync(String host, Int32 port, HttpRequestMessage initialRequest, Boolean async, CancellationToken cancellationToken)
   --- End of inner exception stack trace ---
   at System.Net.Http.HttpConnectionPool.ConnectToTcpHostAsync(String host, Int32 port, HttpRequestMessage initialRequest, Boolean async, CancellationToken cancellationToken)
   at System.Net.Http.HttpConnectionPool.ConnectAsync(HttpRequestMessage request, Boolean async, CancellationToken cancellationToken)
   at System.Net.Http.HttpConnectionPool.CreateHttp11ConnectionAsync(HttpRequestMessage request, Boolean async, CancellationToken cancellationToken)
   at System.Net.Http.HttpConnectionPool.AddHttp11ConnectionAsync(HttpRequestMessage request)
   at System.Threading.Tasks.TaskCompletionSourceWithCancellation`1.WaitWithCancellationAsync(CancellationToken cancellationToken)
   at System.Net.Http.HttpConnectionPool.GetHttp11ConnectionAsync(HttpRequestMessage request, Boolean async, CancellationToken cancellationToken)
   at System.Net.Http.HttpConnectionPool.SendWithVersionDetectionAndRetryAsync(HttpRequestMessage request, Boolean async, Boolean doRequestAuth, CancellationToken cancellationToken)
   at System.Net.Http.AuthenticationHelper.SendWithAuthAsync(HttpRequestMessage request, Uri authUri, Boolean async, ICredentials credentials, Boolean preAuthenticate, Boolean isProxyAuth, Boolean doRequestAuth, HttpConnectionPool pool, CancellationToken cancellationToken)
   at System.Net.Http.DecompressionHandler.SendAsync(HttpRequestMessage request, Boolean async, CancellationToken cancellationToken)
   at GitHub.Services.Common.VssHttpMessageHandler.SendAsync(HttpRequestMessage request, CancellationToken cancellationToken)
   at GitHub.Services.Common.VssHttpRetryMessageHandler.SendAsync(HttpRequestMessage request, CancellationToken cancellationToken)
[2022-05-17 13:35:23Z INFO GitHubActionsService] Finished operation Location.GetConnectionData
[2022-05-17 13:35:23Z INFO RunnerServer] Catch exception during connect. 2 attempt left.
[2022-05-17 13:35:23Z ERR  RunnerServer] System.Net.Http.HttpRequestException: nodename nor servname provided, or not known (pipelines.actions.githubusercontent.com:443)
 ---> System.Net.Sockets.SocketException (0xFFFDFFFF): nodename nor servname provided, or not known
   at System.Net.Sockets.Socket.AwaitableSocketAsyncEventArgs.ThrowException(SocketError error, CancellationToken cancellationToken)
   at System.Net.Sockets.Socket.AwaitableSocketAsyncEventArgs.System.Threading.Tasks.Sources.IValueTaskSource.GetResult(Int16 token)
   at System.Net.Sockets.Socket.<ConnectAsync>g__WaitForConnectWithCancellation|277_0(AwaitableSocketAsyncEventArgs saea, ValueTask connectTask, CancellationToken cancellationToken)
   at System.Net.Http.HttpConnectionPool.ConnectToTcpHostAsync(String host, Int32 port, HttpRequestMessage initialRequest, Boolean async, CancellationToken cancellationToken)
   --- End of inner exception stack trace ---
   at GitHub.Services.Common.VssHttpRetryMessageHandler.SendAsync(HttpRequestMessage request, CancellationToken cancellationToken)
   at System.Net.Http.HttpClient.<SendAsync>g__Core|83_0(HttpRequestMessage request, HttpCompletionOption completionOption, CancellationTokenSource cts, Boolean disposeCts, CancellationTokenSource pendingRequestsCts, CancellationToken originalCancellationToken)
   at GitHub.Services.WebApi.VssHttpClientBase.SendAsync(HttpRequestMessage message, HttpCompletionOption completionOption, Object userState, CancellationToken cancellationToken)
   at GitHub.Services.WebApi.VssHttpClientBase.SendAsync[T](HttpRequestMessage message, Object userState, CancellationToken cancellationToken)
   at GitHub.Services.Location.Client.LocationHttpClient.GetConnectionDataAsync(ConnectOptions connectOptions, Int64 lastChangeId, CancellationToken cancellationToken, Object userState)
   at GitHub.Services.WebApi.Location.VssServerDataProvider.GetConnectionDataAsync(ConnectOptions connectOptions, Int32 lastChangeId, CancellationToken cancellationToken)
   at GitHub.Services.WebApi.Location.VssServerDataProvider.ConnectAsync(ConnectOptions connectOptions, CancellationToken cancellationToken)
   at GitHub.Runner.Common.RunnerServer.EstablishVssConnection(Uri serverUrl, VssCredentials credentials, TimeSpan timeout)
[2022-05-17 13:35:23Z ERR  RunnerServer] #####################################################
[2022-05-17 13:35:23Z ERR  RunnerServer] System.Net.Sockets.SocketException (0xFFFDFFFF): nodename nor servname provided, or not known
   at System.Net.Sockets.Socket.AwaitableSocketAsyncEventArgs.ThrowException(SocketError error, CancellationToken cancellationToken)
   at System.Net.Sockets.Socket.AwaitableSocketAsyncEventArgs.System.Threading.Tasks.Sources.IValueTaskSource.GetResult(Int16 token)
   at System.Net.Sockets.Socket.<ConnectAsync>g__WaitForConnectWithCancellation|277_0(AwaitableSocketAsyncEventArgs saea, ValueTask connectTask, CancellationToken cancellationToken)
   at System.Net.Http.HttpConnectionPool.ConnectToTcpHostAsync(String host, Int32 port, HttpRequestMessage initialRequest, Boolean async, CancellationToken cancellationToken)
[2022-05-17 13:35:23Z INFO GitHubActionsService] Starting operation Location.GetConnectionData
[2022-05-17 13:35:23Z ERR  GitHubActionsService] GET request to https://pipelines.actions.githubusercontent.com/LftkO8mKPpgyCoCC7Fg8RPtNHIE1x6qgGjoljQBa93lfGFLg2i/_apis/connectionData?connectOptions=0&lastChangeId=3944449&lastChangeId64=3944449 failed. System.Net.Http.HttpRequestException: nodename nor servname provided, or not known (pipelines.actions.githubusercontent.com:443)
 ---> System.Net.Sockets.SocketException (0xFFFDFFFF): nodename nor servname provided, or not known
   at System.Net.Sockets.Socket.AwaitableSocketAsyncEventArgs.ThrowException(SocketError error, CancellationToken cancellationToken)
   at System.Net.Sockets.Socket.AwaitableSocketAsyncEventArgs.System.Threading.Tasks.Sources.IValueTaskSource.GetResult(Int16 token)
   at System.Net.Sockets.Socket.<ConnectAsync>g__WaitForConnectWithCancellation|277_0(AwaitableSocketAsyncEventArgs saea, ValueTask connectTask, CancellationToken cancellationToken)
   at System.Net.Http.HttpConnectionPool.ConnectToTcpHostAsync(String host, Int32 port, HttpRequestMessage initialRequest, Boolean async, CancellationToken cancellationToken)
   --- End of inner exception stack trace ---
   at System.Net.Http.HttpConnectionPool.ConnectToTcpHostAsync(String host, Int32 port, HttpRequestMessage initialRequest, Boolean async, CancellationToken cancellationToken)
   at System.Net.Http.HttpConnectionPool.ConnectAsync(HttpRequestMessage request, Boolean async, CancellationToken cancellationToken)
   at System.Net.Http.HttpConnectionPool.CreateHttp11ConnectionAsync(HttpRequestMessage request, Boolean async, CancellationToken cancellationToken)
   at System.Net.Http.HttpConnectionPool.AddHttp11ConnectionAsync(HttpRequestMessage request)
   at System.Threading.Tasks.TaskCompletionSourceWithCancellation`1.WaitWithCancellationAsync(CancellationToken cancellationToken)
   at System.Net.Http.HttpConnectionPool.GetHttp11ConnectionAsync(HttpRequestMessage request, Boolean async, CancellationToken cancellationToken)
   at System.Net.Http.HttpConnectionPool.SendWithVersionDetectionAndRetryAsync(HttpRequestMessage request, Boolean async, Boolean doRequestAuth, CancellationToken cancellationToken)
   at System.Net.Http.AuthenticationHelper.SendWithAuthAsync(HttpRequestMessage request, Uri authUri, Boolean async, ICredentials credentials, Boolean preAuthenticate, Boolean isProxyAuth, Boolean doRequestAuth, HttpConnectionPool pool, CancellationToken cancellationToken)
   at System.Net.Http.DecompressionHandler.SendAsync(HttpRequestMessage request, Boolean async, CancellationToken cancellationToken)
   at GitHub.Services.Common.VssHttpMessageHandler.SendAsync(HttpRequestMessage request, CancellationToken cancellationToken)
   at GitHub.Services.Common.VssHttpRetryMessageHandler.SendAsync(HttpRequestMessage request, CancellationToken cancellationToken)
[2022-05-17 13:35:23Z INFO GitHubActionsService] Finished operation Location.GetConnectionData
[2022-05-17 13:35:23Z INFO RunnerServer] Catch exception during connect. 1 attempt left.
[2022-05-17 13:35:23Z ERR  RunnerServer] System.Net.Http.HttpRequestException: nodename nor servname provided, or not known (pipelines.actions.githubusercontent.com:443)
 ---> System.Net.Sockets.SocketException (0xFFFDFFFF): nodename nor servname provided, or not known
   at System.Net.Sockets.Socket.AwaitableSocketAsyncEventArgs.ThrowException(SocketError error, CancellationToken cancellationToken)
   at System.Net.Sockets.Socket.AwaitableSocketAsyncEventArgs.System.Threading.Tasks.Sources.IValueTaskSource.GetResult(Int16 token)
   at System.Net.Sockets.Socket.<ConnectAsync>g__WaitForConnectWithCancellation|277_0(AwaitableSocketAsyncEventArgs saea, ValueTask connectTask, CancellationToken cancellationToken)
   at System.Net.Http.HttpConnectionPool.ConnectToTcpHostAsync(String host, Int32 port, HttpRequestMessage initialRequest, Boolean async, CancellationToken cancellationToken)
   --- End of inner exception stack trace ---
   at GitHub.Services.Common.VssHttpRetryMessageHandler.SendAsync(HttpRequestMessage request, CancellationToken cancellationToken)
   at System.Net.Http.HttpClient.<SendAsync>g__Core|83_0(HttpRequestMessage request, HttpCompletionOption completionOption, CancellationTokenSource cts, Boolean disposeCts, CancellationTokenSource pendingRequestsCts, CancellationToken originalCancellationToken)
   at GitHub.Services.WebApi.VssHttpClientBase.SendAsync(HttpRequestMessage message, HttpCompletionOption completionOption, Object userState, CancellationToken cancellationToken)
   at GitHub.Services.WebApi.VssHttpClientBase.SendAsync[T](HttpRequestMessage message, Object userState, CancellationToken cancellationToken)
   at GitHub.Services.Location.Client.LocationHttpClient.GetConnectionDataAsync(ConnectOptions connectOptions, Int64 lastChangeId, CancellationToken cancellationToken, Object userState)
   at GitHub.Services.WebApi.Location.VssServerDataProvider.GetConnectionDataAsync(ConnectOptions connectOptions, Int32 lastChangeId, CancellationToken cancellationToken)
   at GitHub.Services.WebApi.Location.VssServerDataProvider.ConnectAsync(ConnectOptions connectOptions, CancellationToken cancellationToken)
   at GitHub.Runner.Common.RunnerServer.EstablishVssConnection(Uri serverUrl, VssCredentials credentials, TimeSpan timeout)
[2022-05-17 13:35:23Z ERR  RunnerServer] #####################################################
[2022-05-17 13:35:23Z ERR  RunnerServer] System.Net.Sockets.SocketException (0xFFFDFFFF): nodename nor servname provided, or not known
   at System.Net.Sockets.Socket.AwaitableSocketAsyncEventArgs.ThrowException(SocketError error, CancellationToken cancellationToken)
   at System.Net.Sockets.Socket.AwaitableSocketAsyncEventArgs.System.Threading.Tasks.Sources.IValueTaskSource.GetResult(Int16 token)
   at System.Net.Sockets.Socket.<ConnectAsync>g__WaitForConnectWithCancellation|277_0(AwaitableSocketAsyncEventArgs saea, ValueTask connectTask, CancellationToken cancellationToken)
   at System.Net.Http.HttpConnectionPool.ConnectToTcpHostAsync(String host, Int32 port, HttpRequestMessage initialRequest, Boolean async, CancellationToken cancellationToken)
[2022-05-17 13:35:23Z INFO GitHubActionsService] Starting operation Location.GetConnectionData
[2022-05-17 13:35:23Z ERR  GitHubActionsService] GET request to https://pipelines.actions.githubusercontent.com/LftkO8mKPpgyCoCC7Fg8RPtNHIE1x6qgGjoljQBa93lfGFLg2i/_apis/connectionData?connectOptions=0&lastChangeId=3944449&lastChangeId64=3944449 failed. System.Net.Http.HttpRequestException: nodename nor servname provided, or not known (pipelines.actions.githubusercontent.com:443)
 ---> System.Net.Sockets.SocketException (0xFFFDFFFF): nodename nor servname provided, or not known
   at System.Net.Sockets.Socket.AwaitableSocketAsyncEventArgs.ThrowException(SocketError error, CancellationToken cancellationToken)
   at System.Net.Sockets.Socket.AwaitableSocketAsyncEventArgs.System.Threading.Tasks.Sources.IValueTaskSource.GetResult(Int16 token)
   at System.Net.Sockets.Socket.<ConnectAsync>g__WaitForConnectWithCancellation|277_0(AwaitableSocketAsyncEventArgs saea, ValueTask connectTask, CancellationToken cancellationToken)
   at System.Net.Http.HttpConnectionPool.ConnectToTcpHostAsync(String host, Int32 port, HttpRequestMessage initialRequest, Boolean async, CancellationToken cancellationToken)
   --- End of inner exception stack trace ---
   at System.Net.Http.HttpConnectionPool.ConnectToTcpHostAsync(String host, Int32 port, HttpRequestMessage initialRequest, Boolean async, CancellationToken cancellationToken)
   at System.Net.Http.HttpConnectionPool.ConnectAsync(HttpRequestMessage request, Boolean async, CancellationToken cancellationToken)
   at System.Net.Http.HttpConnectionPool.CreateHttp11ConnectionAsync(HttpRequestMessage request, Boolean async, CancellationToken cancellationToken)
   at System.Net.Http.HttpConnectionPool.AddHttp11ConnectionAsync(HttpRequestMessage request)
   at System.Threading.Tasks.TaskCompletionSourceWithCancellation`1.WaitWithCancellationAsync(CancellationToken cancellationToken)
   at System.Net.Http.HttpConnectionPool.GetHttp11ConnectionAsync(HttpRequestMessage request, Boolean async, CancellationToken cancellationToken)
   at System.Net.Http.HttpConnectionPool.SendWithVersionDetectionAndRetryAsync(HttpRequestMessage request, Boolean async, Boolean doRequestAuth, CancellationToken cancellationToken)
   at System.Net.Http.AuthenticationHelper.SendWithAuthAsync(HttpRequestMessage request, Uri authUri, Boolean async, ICredentials credentials, Boolean preAuthenticate, Boolean isProxyAuth, Boolean doRequestAuth, HttpConnectionPool pool, CancellationToken cancellationToken)
   at System.Net.Http.DecompressionHandler.SendAsync(HttpRequestMessage request, Boolean async, CancellationToken cancellationToken)
   at GitHub.Services.Common.VssHttpMessageHandler.SendAsync(HttpRequestMessage request, CancellationToken cancellationToken)
   at GitHub.Services.Common.VssHttpRetryMessageHandler.SendAsync(HttpRequestMessage request, CancellationToken cancellationToken)
[2022-05-17 13:35:23Z INFO GitHubActionsService] Finished operation Location.GetConnectionData
[2022-05-17 13:35:23Z ERR  RunnerServer] Catch exception during reset MessageQueue connection.
[2022-05-17 13:35:23Z ERR  RunnerServer] System.Net.Http.HttpRequestException: nodename nor servname provided, or not known (pipelines.actions.githubusercontent.com:443)
 ---> System.Net.Sockets.SocketException (0xFFFDFFFF): nodename nor servname provided, or not known
   at System.Net.Sockets.Socket.AwaitableSocketAsyncEventArgs.ThrowException(SocketError error, CancellationToken cancellationToken)
   at System.Net.Sockets.Socket.AwaitableSocketAsyncEventArgs.System.Threading.Tasks.Sources.IValueTaskSource.GetResult(Int16 token)
   at System.Net.Sockets.Socket.<ConnectAsync>g__WaitForConnectWithCancellation|277_0(AwaitableSocketAsyncEventArgs saea, ValueTask connectTask, CancellationToken cancellationToken)
   at System.Net.Http.HttpConnectionPool.ConnectToTcpHostAsync(String host, Int32 port, HttpRequestMessage initialRequest, Boolean async, CancellationToken cancellationToken)
   --- End of inner exception stack trace ---
   at GitHub.Services.Common.VssHttpRetryMessageHandler.SendAsync(HttpRequestMessage request, CancellationToken cancellationToken)
   at System.Net.Http.HttpClient.<SendAsync>g__Core|83_0(HttpRequestMessage request, HttpCompletionOption completionOption, CancellationTokenSource cts, Boolean disposeCts, CancellationTokenSource pendingRequestsCts, CancellationToken originalCancellationToken)
   at GitHub.Services.WebApi.VssHttpClientBase.SendAsync(HttpRequestMessage message, HttpCompletionOption completionOption, Object userState, CancellationToken cancellationToken)
   at GitHub.Services.WebApi.VssHttpClientBase.SendAsync[T](HttpRequestMessage message, Object userState, CancellationToken cancellationToken)
   at GitHub.Services.Location.Client.LocationHttpClient.GetConnectionDataAsync(ConnectOptions connectOptions, Int64 lastChangeId, CancellationToken cancellationToken, Object userState)
   at GitHub.Services.WebApi.Location.VssServerDataProvider.GetConnectionDataAsync(ConnectOptions connectOptions, Int32 lastChangeId, CancellationToken cancellationToken)
   at GitHub.Services.WebApi.Location.VssServerDataProvider.ConnectAsync(ConnectOptions connectOptions, CancellationToken cancellationToken)
   at GitHub.Runner.Common.RunnerServer.EstablishVssConnection(Uri serverUrl, VssCredentials credentials, TimeSpan timeout)
   at GitHub.Runner.Common.RunnerServer.RefreshConnectionAsync(RunnerConnectionType connectionType, TimeSpan timeout)
[2022-05-17 13:35:23Z ERR  RunnerServer] #####################################################
[2022-05-17 13:35:23Z ERR  RunnerServer] System.Net.Sockets.SocketException (0xFFFDFFFF): nodename nor servname provided, or not known
   at System.Net.Sockets.Socket.AwaitableSocketAsyncEventArgs.ThrowException(SocketError error, CancellationToken cancellationToken)
   at System.Net.Sockets.Socket.AwaitableSocketAsyncEventArgs.System.Threading.Tasks.Sources.IValueTaskSource.GetResult(Int16 token)
   at System.Net.Sockets.Socket.<ConnectAsync>g__WaitForConnectWithCancellation|277_0(AwaitableSocketAsyncEventArgs saea, ValueTask connectTask, CancellationToken cancellationToken)
   at System.Net.Http.HttpConnectionPool.ConnectToTcpHostAsync(String host, Int32 port, HttpRequestMessage initialRequest, Boolean async, CancellationToken cancellationToken)
[2022-05-17 13:35:23Z INFO MessageListener] Sleeping for 25.893 seconds before retrying.
