[2022-05-18 12:21:52Z INFO HostContext] No proxy settings were found based on environmental variables (http_proxy/https_proxy/HTTP_PROXY/HTTPS_PROXY)
[2022-05-18 12:21:52Z INFO HostContext] Well known directory 'Bin': '/Users/aswinm/Documents/CoddleTech/GithubActions/self-hosted-runner/self-hosted/actions-runner/bin'
[2022-05-18 12:21:52Z INFO HostContext] Well known directory 'Root': '/Users/aswinm/Documents/CoddleTech/GithubActions/self-hosted-runner/self-hosted/actions-runner'
[2022-05-18 12:21:52Z INFO HostContext] Well known config file 'Credentials': '/Users/aswinm/Documents/CoddleTech/GithubActions/self-hosted-runner/self-hosted/actions-runner/.credentials'
[2022-05-18 12:21:53Z INFO HostContext] Well known directory 'Bin': '/Users/aswinm/Documents/CoddleTech/GithubActions/self-hosted-runner/self-hosted/actions-runner/bin'
[2022-05-18 12:21:53Z INFO HostContext] Well known directory 'Root': '/Users/aswinm/Documents/CoddleTech/GithubActions/self-hosted-runner/self-hosted/actions-runner'
[2022-05-18 12:21:53Z INFO HostContext] Well known config file 'Runner': '/Users/aswinm/Documents/CoddleTech/GithubActions/self-hosted-runner/self-hosted/actions-runner/.runner'
[2022-05-18 12:21:53Z INFO Listener] Runner is built for OSX (X64) - osx-x64.
[2022-05-18 12:21:53Z INFO Listener] RuntimeInformation: Darwin 19.6.0 Darwin Kernel Version 19.6.0: Tue Feb 15 21:39:11 PST 2022; root:xnu-6153.141.59~1/RELEASE_X86_64.
[2022-05-18 12:21:53Z INFO Listener] Version: 2.291.1
[2022-05-18 12:21:53Z INFO Listener] Commit: 496ec0df97891bd8e50f4431d01874ac3ab75a93
[2022-05-18 12:21:53Z INFO Listener] Culture: en-GB
[2022-05-18 12:21:53Z INFO Listener] UI Culture: en-GB
[2022-05-18 12:21:53Z INFO HostContext] Well known directory 'Bin': '/Users/aswinm/Documents/CoddleTech/GithubActions/self-hosted-runner/self-hosted/actions-runner/bin'
[2022-05-18 12:21:53Z INFO HostContext] Well known directory 'Root': '/Users/aswinm/Documents/CoddleTech/GithubActions/self-hosted-runner/self-hosted/actions-runner'
[2022-05-18 12:21:53Z INFO Listener] Validating directory permissions for: '/Users/aswinm/Documents/CoddleTech/GithubActions/self-hosted-runner/self-hosted/actions-runner'
[2022-05-18 12:21:53Z INFO CommandLineParser] Parse
[2022-05-18 12:21:53Z INFO CommandLineParser] Parsing 1 args
[2022-05-18 12:21:53Z INFO CommandLineParser] parsing argument
[2022-05-18 12:21:53Z INFO CommandLineParser] HasArgs: False
[2022-05-18 12:21:53Z INFO CommandLineParser] Adding Command: run
[2022-05-18 12:21:53Z INFO Listener] Arguments parsed
[2022-05-18 12:21:53Z INFO Runner] ExecuteCommand
[2022-05-18 12:21:53Z INFO ConfigurationStore] currentAssemblyLocation: /Users/aswinm/Documents/CoddleTech/GithubActions/self-hosted-runner/self-hosted/actions-runner/bin/Runner.Listener.dll
[2022-05-18 12:21:53Z INFO HostContext] Well known directory 'Bin': '/Users/aswinm/Documents/CoddleTech/GithubActions/self-hosted-runner/self-hosted/actions-runner/bin'
[2022-05-18 12:21:53Z INFO ConfigurationStore] binPath: /Users/aswinm/Documents/CoddleTech/GithubActions/self-hosted-runner/self-hosted/actions-runner/bin
[2022-05-18 12:21:53Z INFO HostContext] Well known directory 'Bin': '/Users/aswinm/Documents/CoddleTech/GithubActions/self-hosted-runner/self-hosted/actions-runner/bin'
[2022-05-18 12:21:53Z INFO HostContext] Well known directory 'Root': '/Users/aswinm/Documents/CoddleTech/GithubActions/self-hosted-runner/self-hosted/actions-runner'
[2022-05-18 12:21:53Z INFO ConfigurationStore] RootFolder: /Users/aswinm/Documents/CoddleTech/GithubActions/self-hosted-runner/self-hosted/actions-runner
[2022-05-18 12:21:53Z INFO HostContext] Well known directory 'Bin': '/Users/aswinm/Documents/CoddleTech/GithubActions/self-hosted-runner/self-hosted/actions-runner/bin'
[2022-05-18 12:21:53Z INFO HostContext] Well known directory 'Root': '/Users/aswinm/Documents/CoddleTech/GithubActions/self-hosted-runner/self-hosted/actions-runner'
[2022-05-18 12:21:53Z INFO HostContext] Well known config file 'Runner': '/Users/aswinm/Documents/CoddleTech/GithubActions/self-hosted-runner/self-hosted/actions-runner/.runner'
[2022-05-18 12:21:53Z INFO ConfigurationStore] ConfigFilePath: /Users/aswinm/Documents/CoddleTech/GithubActions/self-hosted-runner/self-hosted/actions-runner/.runner
[2022-05-18 12:21:53Z INFO HostContext] Well known directory 'Bin': '/Users/aswinm/Documents/CoddleTech/GithubActions/self-hosted-runner/self-hosted/actions-runner/bin'
[2022-05-18 12:21:53Z INFO HostContext] Well known directory 'Root': '/Users/aswinm/Documents/CoddleTech/GithubActions/self-hosted-runner/self-hosted/actions-runner'
[2022-05-18 12:21:53Z INFO HostContext] Well known config file 'Credentials': '/Users/aswinm/Documents/CoddleTech/GithubActions/self-hosted-runner/self-hosted/actions-runner/.credentials'
[2022-05-18 12:21:53Z INFO ConfigurationStore] CredFilePath: /Users/aswinm/Documents/CoddleTech/GithubActions/self-hosted-runner/self-hosted/actions-runner/.credentials
[2022-05-18 12:21:53Z INFO HostContext] Well known directory 'Bin': '/Users/aswinm/Documents/CoddleTech/GithubActions/self-hosted-runner/self-hosted/actions-runner/bin'
[2022-05-18 12:21:53Z INFO HostContext] Well known directory 'Root': '/Users/aswinm/Documents/CoddleTech/GithubActions/self-hosted-runner/self-hosted/actions-runner'
[2022-05-18 12:21:53Z INFO HostContext] Well known config file 'MigratedCredentials': '/Users/aswinm/Documents/CoddleTech/GithubActions/self-hosted-runner/self-hosted/actions-runner/.credentials_migrated'
[2022-05-18 12:21:53Z INFO ConfigurationStore] MigratedCredFilePath: /Users/aswinm/Documents/CoddleTech/GithubActions/self-hosted-runner/self-hosted/actions-runner/.credentials_migrated
[2022-05-18 12:21:53Z INFO HostContext] Well known directory 'Bin': '/Users/aswinm/Documents/CoddleTech/GithubActions/self-hosted-runner/self-hosted/actions-runner/bin'
[2022-05-18 12:21:53Z INFO HostContext] Well known directory 'Root': '/Users/aswinm/Documents/CoddleTech/GithubActions/self-hosted-runner/self-hosted/actions-runner'
[2022-05-18 12:21:53Z INFO HostContext] Well known config file 'Service': '/Users/aswinm/Documents/CoddleTech/GithubActions/self-hosted-runner/self-hosted/actions-runner/.service'
[2022-05-18 12:21:53Z INFO ConfigurationStore] ServiceConfigFilePath: /Users/aswinm/Documents/CoddleTech/GithubActions/self-hosted-runner/self-hosted/actions-runner/.service
[2022-05-18 12:21:53Z INFO CommandSettings] Flag 'help': 'False'
[2022-05-18 12:21:53Z INFO CommandSettings] Flag 'version': 'False'
[2022-05-18 12:21:53Z INFO CommandSettings] Flag 'commit': 'False'
[2022-05-18 12:21:53Z INFO CommandSettings] Flag 'check': 'False'
[2022-05-18 12:21:53Z INFO CommandSettings] Command 'configure': 'False'
[2022-05-18 12:21:53Z INFO CommandSettings] Command 'remove': 'False'
[2022-05-18 12:21:53Z INFO CommandSettings] Command 'warmup': 'False'
[2022-05-18 12:21:53Z INFO ConfigurationManager] LoadSettings
[2022-05-18 12:21:53Z INFO ConfigurationStore] IsConfigured()
[2022-05-18 12:21:53Z INFO ConfigurationStore] IsConfigured: True
[2022-05-18 12:21:53Z INFO ConfigurationManager] Is configured: True
[2022-05-18 12:21:53Z INFO ConfigurationStore] Read setting file: 308 chars
[2022-05-18 12:21:53Z INFO ConfigurationManager] Settings Loaded
[2022-05-18 12:21:53Z INFO ConfigurationStore] IsServiceConfigured()
[2022-05-18 12:21:53Z INFO ConfigurationStore] IsServiceConfigured: False
[2022-05-18 12:21:53Z INFO CommandSettings] Command 'run': 'True'
[2022-05-18 12:21:53Z INFO ConfigurationStore] IsConfigured()
[2022-05-18 12:21:53Z INFO ConfigurationStore] IsConfigured: True
[2022-05-18 12:21:53Z INFO ConfigurationManager] Is configured: True
[2022-05-18 12:21:53Z INFO Runner] Could not parse the argument value '' for StartupType. Defaulting to Manual
[2022-05-18 12:21:53Z INFO Runner] Set runner startup type - Manual
[2022-05-18 12:21:53Z INFO CommandSettings] Flag 'once': 'False'
[2022-05-18 12:21:53Z INFO CommandSettings] Flag 'once': 'False'
[2022-05-18 12:21:53Z INFO Runner] RunAsync
[2022-05-18 12:21:53Z INFO ConfigurationManager] LoadSettings
[2022-05-18 12:21:53Z INFO ConfigurationStore] IsConfigured()
[2022-05-18 12:21:53Z INFO ConfigurationStore] IsConfigured: True
[2022-05-18 12:21:53Z INFO ConfigurationManager] Is configured: True
[2022-05-18 12:21:53Z INFO ConfigurationManager] Settings Loaded
[2022-05-18 12:21:53Z INFO MessageListener] {
  "AgentId": 24,
  "AgentName": "selr-hosted-runner",
  "PoolId": 1,
  "PoolName": "Default",
  "ServerUrl": "https://pipelines.actions.githubusercontent.com/LftkO8mKPpgyCoCC7Fg8RPtNHIE1x6qgGjoljQBa93lfGFLg2i",
  "GitHubUrl": "https://github.com/Aswin-Coddletech/GH-React-Action",
  "WorkFolder": "_work"
}
[2022-05-18 12:21:53Z INFO MessageListener] Loading Credentials
[2022-05-18 12:21:53Z INFO ConfigurationStore] HasCredentials()
[2022-05-18 12:21:53Z INFO ConfigurationStore] stored True
[2022-05-18 12:21:53Z INFO CredentialManager] GetCredentialProvider
[2022-05-18 12:21:53Z INFO CredentialManager] Creating type OAuth
[2022-05-18 12:21:53Z INFO CredentialManager] Creating credential type: OAuth
[2022-05-18 12:21:53Z INFO HostContext] Well known directory 'Bin': '/Users/aswinm/Documents/CoddleTech/GithubActions/self-hosted-runner/self-hosted/actions-runner/bin'
[2022-05-18 12:21:53Z INFO HostContext] Well known directory 'Root': '/Users/aswinm/Documents/CoddleTech/GithubActions/self-hosted-runner/self-hosted/actions-runner'
[2022-05-18 12:21:53Z INFO HostContext] Well known config file 'RSACredentials': '/Users/aswinm/Documents/CoddleTech/GithubActions/self-hosted-runner/self-hosted/actions-runner/.credentials_rsaparams'
[2022-05-18 12:21:53Z INFO RSAFileKeyManager] Loading RSA key parameters from file /Users/aswinm/Documents/CoddleTech/GithubActions/self-hosted-runner/self-hosted/actions-runner/.credentials_rsaparams
[2022-05-18 12:21:53Z INFO MessageListener] Attempt to create session.
[2022-05-18 12:21:53Z INFO MessageListener] Connecting to the Runner Server...
[2022-05-18 12:21:53Z INFO RunnerServer] Establish connection with 100 seconds timeout.
[2022-05-18 12:21:53Z INFO GitHubActionsService] Starting operation Location.GetConnectionData
[2022-05-18 12:21:53Z INFO RunnerServer] Establish connection with 60 seconds timeout.
[2022-05-18 12:21:53Z INFO GitHubActionsService] Starting operation Location.GetConnectionData
[2022-05-18 12:21:53Z INFO RunnerServer] Establish connection with 60 seconds timeout.
[2022-05-18 12:21:53Z INFO GitHubActionsService] Starting operation Location.GetConnectionData
[2022-05-18 12:21:54Z INFO GitHubActionsService] Finished operation Location.GetConnectionData
[2022-05-18 12:21:54Z INFO GitHubActionsService] Finished operation Location.GetConnectionData
[2022-05-18 12:21:55Z INFO GitHubActionsService] Finished operation Location.GetConnectionData
[2022-05-18 12:21:55Z INFO MessageListener] VssConnection created
[2022-05-18 12:21:55Z INFO Terminal] WRITE LINE: 
[2022-05-18 12:21:55Z INFO Terminal] WRITE LINE: 
[2022-05-18 12:21:55Z WARN GitHubActionsService] Authentication failed with status code 401.
Transfer-Encoding: chunked
WWW-Authenticate: Bearer
Strict-Transport-Security: max-age=2592000
X-TFS-ProcessId: 71c26beb-b5f6-4dd9-8b3e-fc929bdc73d4
ActivityId: e033c0f2-dbe6-408d-b535-ebc6acd42b03
X-TFS-Session: b557ffb7-f381-4920-bdad-48bf6bedb979
X-VSS-E2EID: 81da1fbc-9749-4c71-a018-2fa37c52187e
X-VSS-SenderDeploymentId: 9d51f527-7c54-71ef-5aa4-7c3dc660eb8a
X-TFS-ServiceError: The+user+%27System%3aPublicAccess%3baaaaaaaa-aaaa-aaaa-aaaa-aaaaaaaaaaaa%27+is+not+authorized+to+access+this+resource.
X-VSS-S2STargetService: 0000005A-0000-8888-8000-000000000000/visualstudio.com
X-Cache: CONFIG_NOCACHE
X-MSEdge-Ref: Ref A: 3E5FE2971ED44A5A8641BA59772FD17A Ref B: BOM02EDGE0409 Ref C: 2022-05-18T12:21:55Z
Date: Wed, 18 May 2022 12:21:54 GMT

[2022-05-18 12:21:55Z INFO RSAFileKeyManager] Loading RSA key parameters from file /Users/aswinm/Documents/CoddleTech/GithubActions/self-hosted-runner/self-hosted/actions-runner/.credentials_rsaparams
[2022-05-18 12:21:55Z INFO RSAFileKeyManager] Loading RSA key parameters from file /Users/aswinm/Documents/CoddleTech/GithubActions/self-hosted-runner/self-hosted/actions-runner/.credentials_rsaparams
[2022-05-18 12:21:56Z INFO GitHubActionsService] AAD Correlation ID for this token request: Unknown
[2022-05-18 12:21:56Z INFO MessageListener] Session created.
[2022-05-18 12:21:56Z INFO Terminal] WRITE LINE: Current runner version: '2.291.1'
[2022-05-18 12:21:56Z INFO Terminal] WRITE LINE: 2022-05-18 12:21:56Z: Listening for Jobs
[2022-05-18 12:21:56Z INFO JobDispatcher] Set runner/worker IPC timeout to 30 seconds.
