[2022-05-12 12:38:21Z INFO HostContext] No proxy settings were found based on environmental variables (http_proxy/https_proxy/HTTP_PROXY/HTTPS_PROXY)
[2022-05-12 12:38:21Z INFO HostContext] Well known directory 'Bin': '/Users/aswinm/Documents/CoddleTech/GithubActions/self-hosted-runner/self-hosted-runner/actions-runner/bin'
[2022-05-12 12:38:21Z INFO HostContext] Well known directory 'Root': '/Users/aswinm/Documents/CoddleTech/GithubActions/self-hosted-runner/self-hosted-runner/actions-runner'
[2022-05-12 12:38:21Z INFO HostContext] Well known config file 'Credentials': '/Users/aswinm/Documents/CoddleTech/GithubActions/self-hosted-runner/self-hosted-runner/actions-runner/.credentials'
[2022-05-12 12:38:21Z INFO HostContext] Well known directory 'Bin': '/Users/aswinm/Documents/CoddleTech/GithubActions/self-hosted-runner/self-hosted-runner/actions-runner/bin'
[2022-05-12 12:38:21Z INFO HostContext] Well known directory 'Root': '/Users/aswinm/Documents/CoddleTech/GithubActions/self-hosted-runner/self-hosted-runner/actions-runner'
[2022-05-12 12:38:21Z INFO HostContext] Well known config file 'Runner': '/Users/aswinm/Documents/CoddleTech/GithubActions/self-hosted-runner/self-hosted-runner/actions-runner/.runner'
[2022-05-12 12:38:21Z INFO Listener] Runner is built for OSX (X64) - osx-x64.
[2022-05-12 12:38:21Z INFO Listener] RuntimeInformation: Darwin 19.6.0 Darwin Kernel Version 19.6.0: Tue Feb 15 21:39:11 PST 2022; root:xnu-6153.141.59~1/RELEASE_X86_64.
[2022-05-12 12:38:21Z INFO Listener] Version: 2.291.1
[2022-05-12 12:38:21Z INFO Listener] Commit: 496ec0df97891bd8e50f4431d01874ac3ab75a93
[2022-05-12 12:38:21Z INFO Listener] Culture: en-GB
[2022-05-12 12:38:21Z INFO Listener] UI Culture: en-GB
[2022-05-12 12:38:21Z INFO HostContext] Well known directory 'Bin': '/Users/aswinm/Documents/CoddleTech/GithubActions/self-hosted-runner/self-hosted-runner/actions-runner/bin'
[2022-05-12 12:38:21Z INFO HostContext] Well known directory 'Root': '/Users/aswinm/Documents/CoddleTech/GithubActions/self-hosted-runner/self-hosted-runner/actions-runner'
[2022-05-12 12:38:21Z INFO Listener] Validating directory permissions for: '/Users/aswinm/Documents/CoddleTech/GithubActions/self-hosted-runner/self-hosted-runner/actions-runner'
[2022-05-12 12:38:21Z INFO CommandLineParser] Parse
[2022-05-12 12:38:21Z INFO CommandLineParser] Parsing 5 args
[2022-05-12 12:38:21Z INFO CommandLineParser] parsing argument
[2022-05-12 12:38:21Z INFO CommandLineParser] HasArgs: False
[2022-05-12 12:38:21Z INFO CommandLineParser] Adding Command: configure
[2022-05-12 12:38:21Z INFO CommandLineParser] parsing argument
[2022-05-12 12:38:21Z INFO CommandLineParser] HasArgs: True
[2022-05-12 12:38:21Z INFO CommandLineParser] arg: url
[2022-05-12 12:38:21Z INFO CommandLineParser] parsing argument
[2022-05-12 12:38:21Z INFO CommandLineParser] HasArgs: True
[2022-05-12 12:38:21Z INFO CommandLineParser] Adding option 'url': 'https://github.com/Aswin-Coddletech/GH-React-Action'
[2022-05-12 12:38:21Z INFO CommandLineParser] parsing argument
[2022-05-12 12:38:21Z INFO CommandLineParser] HasArgs: True
[2022-05-12 12:38:21Z INFO CommandLineParser] arg: token
[2022-05-12 12:38:21Z INFO CommandLineParser] parsing argument
[2022-05-12 12:38:21Z INFO CommandLineParser] HasArgs: True
[2022-05-12 12:38:21Z INFO CommandLineParser] Adding option 'token': '***'
[2022-05-12 12:38:21Z INFO Listener] Arguments parsed
[2022-05-12 12:38:21Z INFO Runner] ExecuteCommand
[2022-05-12 12:38:21Z INFO ConfigurationStore] currentAssemblyLocation: /Users/aswinm/Documents/CoddleTech/GithubActions/self-hosted-runner/self-hosted-runner/actions-runner/bin/Runner.Listener.dll
[2022-05-12 12:38:21Z INFO HostContext] Well known directory 'Bin': '/Users/aswinm/Documents/CoddleTech/GithubActions/self-hosted-runner/self-hosted-runner/actions-runner/bin'
[2022-05-12 12:38:21Z INFO ConfigurationStore] binPath: /Users/aswinm/Documents/CoddleTech/GithubActions/self-hosted-runner/self-hosted-runner/actions-runner/bin
[2022-05-12 12:38:21Z INFO HostContext] Well known directory 'Bin': '/Users/aswinm/Documents/CoddleTech/GithubActions/self-hosted-runner/self-hosted-runner/actions-runner/bin'
[2022-05-12 12:38:21Z INFO HostContext] Well known directory 'Root': '/Users/aswinm/Documents/CoddleTech/GithubActions/self-hosted-runner/self-hosted-runner/actions-runner'
[2022-05-12 12:38:21Z INFO ConfigurationStore] RootFolder: /Users/aswinm/Documents/CoddleTech/GithubActions/self-hosted-runner/self-hosted-runner/actions-runner
[2022-05-12 12:38:21Z INFO HostContext] Well known directory 'Bin': '/Users/aswinm/Documents/CoddleTech/GithubActions/self-hosted-runner/self-hosted-runner/actions-runner/bin'
[2022-05-12 12:38:21Z INFO HostContext] Well known directory 'Root': '/Users/aswinm/Documents/CoddleTech/GithubActions/self-hosted-runner/self-hosted-runner/actions-runner'
[2022-05-12 12:38:21Z INFO HostContext] Well known config file 'Runner': '/Users/aswinm/Documents/CoddleTech/GithubActions/self-hosted-runner/self-hosted-runner/actions-runner/.runner'
[2022-05-12 12:38:21Z INFO ConfigurationStore] ConfigFilePath: /Users/aswinm/Documents/CoddleTech/GithubActions/self-hosted-runner/self-hosted-runner/actions-runner/.runner
[2022-05-12 12:38:21Z INFO HostContext] Well known directory 'Bin': '/Users/aswinm/Documents/CoddleTech/GithubActions/self-hosted-runner/self-hosted-runner/actions-runner/bin'
[2022-05-12 12:38:21Z INFO HostContext] Well known directory 'Root': '/Users/aswinm/Documents/CoddleTech/GithubActions/self-hosted-runner/self-hosted-runner/actions-runner'
[2022-05-12 12:38:21Z INFO HostContext] Well known config file 'Credentials': '/Users/aswinm/Documents/CoddleTech/GithubActions/self-hosted-runner/self-hosted-runner/actions-runner/.credentials'
[2022-05-12 12:38:21Z INFO ConfigurationStore] CredFilePath: /Users/aswinm/Documents/CoddleTech/GithubActions/self-hosted-runner/self-hosted-runner/actions-runner/.credentials
[2022-05-12 12:38:21Z INFO HostContext] Well known directory 'Bin': '/Users/aswinm/Documents/CoddleTech/GithubActions/self-hosted-runner/self-hosted-runner/actions-runner/bin'
[2022-05-12 12:38:21Z INFO HostContext] Well known directory 'Root': '/Users/aswinm/Documents/CoddleTech/GithubActions/self-hosted-runner/self-hosted-runner/actions-runner'
[2022-05-12 12:38:21Z INFO HostContext] Well known config file 'MigratedCredentials': '/Users/aswinm/Documents/CoddleTech/GithubActions/self-hosted-runner/self-hosted-runner/actions-runner/.credentials_migrated'
[2022-05-12 12:38:21Z INFO ConfigurationStore] MigratedCredFilePath: /Users/aswinm/Documents/CoddleTech/GithubActions/self-hosted-runner/self-hosted-runner/actions-runner/.credentials_migrated
[2022-05-12 12:38:21Z INFO HostContext] Well known directory 'Bin': '/Users/aswinm/Documents/CoddleTech/GithubActions/self-hosted-runner/self-hosted-runner/actions-runner/bin'
[2022-05-12 12:38:21Z INFO HostContext] Well known directory 'Root': '/Users/aswinm/Documents/CoddleTech/GithubActions/self-hosted-runner/self-hosted-runner/actions-runner'
[2022-05-12 12:38:21Z INFO HostContext] Well known config file 'Service': '/Users/aswinm/Documents/CoddleTech/GithubActions/self-hosted-runner/self-hosted-runner/actions-runner/.service'
[2022-05-12 12:38:21Z INFO ConfigurationStore] ServiceConfigFilePath: /Users/aswinm/Documents/CoddleTech/GithubActions/self-hosted-runner/self-hosted-runner/actions-runner/.service
[2022-05-12 12:38:21Z INFO CommandSettings] Flag 'help': 'False'
[2022-05-12 12:38:21Z INFO CommandSettings] Flag 'version': 'False'
[2022-05-12 12:38:21Z INFO CommandSettings] Flag 'commit': 'False'
[2022-05-12 12:38:21Z INFO CommandSettings] Flag 'check': 'False'
[2022-05-12 12:38:21Z INFO CommandSettings] Command 'configure': 'True'
[2022-05-12 12:38:21Z INFO Terminal] WRITE LINE: 
[2022-05-12 12:38:21Z INFO Terminal] WRITE LINE: --------------------------------------------------------------------------------
[2022-05-12 12:38:21Z INFO Terminal] WRITE LINE: |        ____ _ _   _   _       _          _        _   _                      |
[2022-05-12 12:38:21Z INFO Terminal] WRITE LINE: |       / ___(_) |_| | | |_   _| |__      / \   ___| |_(_) ___  _ __  ___      |
[2022-05-12 12:38:21Z INFO Terminal] WRITE LINE: |      | |  _| | __| |_| | | | | '_ \    / _ \ / __| __| |/ _ \| '_ \/ __|     |
[2022-05-12 12:38:21Z INFO Terminal] WRITE LINE: |      | |_| | | |_|  _  | |_| | |_) |  / ___ \ (__| |_| | (_) | | | \__ \     |
[2022-05-12 12:38:21Z INFO Terminal] WRITE LINE: |       \____|_|\__|_| |_|\__,_|_.__/  /_/   \_\___|\__|_|\___/|_| |_|___/     |
[2022-05-12 12:38:21Z INFO Terminal] WRITE LINE: |                                                                              |
[2022-05-12 12:38:21Z INFO Terminal] WRITE: |                       
[2022-05-12 12:38:21Z INFO Terminal] WRITE: Self-hosted runner registration
[2022-05-12 12:38:21Z INFO Terminal] WRITE LINE:                         |
[2022-05-12 12:38:21Z INFO Terminal] WRITE LINE: |                                                                              |
[2022-05-12 12:38:21Z INFO Terminal] WRITE LINE: --------------------------------------------------------------------------------
[2022-05-12 12:38:21Z INFO ConfigurationManager] ConfigureAsync
[2022-05-12 12:38:21Z INFO ConfigurationStore] IsConfigured()
[2022-05-12 12:38:21Z INFO ConfigurationStore] IsConfigured: False
[2022-05-12 12:38:21Z INFO ConfigurationManager] Is configured: False
[2022-05-12 12:38:21Z INFO CommandSettings] Arg 'url': 'https://github.com/Aswin-Coddletech/GH-React-Action'
[2022-05-12 12:38:21Z INFO CommandSettings] Remove url from Arg dictionary.
[2022-05-12 12:38:21Z INFO CommandSettings] Arg 'token': '***'
[2022-05-12 12:38:21Z INFO CommandSettings] Remove token from Arg dictionary.
[2022-05-12 12:38:22Z INFO ConfigurationManager] Http response code: OK from 'POST https://api.github.com/actions/runner-registration'
[2022-05-12 12:38:22Z INFO ConfigurationManager] cred retrieved via GitHub auth
[2022-05-12 12:38:22Z INFO RunnerServer] Establish connection with 100 seconds timeout.
[2022-05-12 12:38:22Z INFO GitHubActionsService] Starting operation Location.GetConnectionData
[2022-05-12 12:38:22Z INFO RunnerServer] Establish connection with 60 seconds timeout.
[2022-05-12 12:38:22Z INFO GitHubActionsService] Starting operation Location.GetConnectionData
[2022-05-12 12:38:22Z INFO RunnerServer] Establish connection with 60 seconds timeout.
[2022-05-12 12:38:22Z INFO GitHubActionsService] Starting operation Location.GetConnectionData
[2022-05-12 12:38:23Z INFO GitHubActionsService] Finished operation Location.GetConnectionData
[2022-05-12 12:38:23Z INFO GitHubActionsService] Finished operation Location.GetConnectionData
[2022-05-12 12:38:23Z INFO GitHubActionsService] Finished operation Location.GetConnectionData
[2022-05-12 12:38:24Z INFO Terminal] WRITE LINE: 
[2022-05-12 12:38:24Z INFO ConfigurationManager] Test Connection complete.
[2022-05-12 12:38:24Z INFO HostContext] Well known directory 'Bin': '/Users/aswinm/Documents/CoddleTech/GithubActions/self-hosted-runner/self-hosted-runner/actions-runner/bin'
[2022-05-12 12:38:24Z INFO HostContext] Well known directory 'Root': '/Users/aswinm/Documents/CoddleTech/GithubActions/self-hosted-runner/self-hosted-runner/actions-runner'
[2022-05-12 12:38:24Z INFO HostContext] Well known config file 'RSACredentials': '/Users/aswinm/Documents/CoddleTech/GithubActions/self-hosted-runner/self-hosted-runner/actions-runner/.credentials_rsaparams'
[2022-05-12 12:38:24Z INFO RSAFileKeyManager] Found existing RSA key parameters file /Users/aswinm/Documents/CoddleTech/GithubActions/self-hosted-runner/self-hosted-runner/actions-runner/.credentials_rsaparams
[2022-05-12 12:38:24Z INFO CommandSettings] Arg 'runnergroup': ''
[2022-05-12 12:38:24Z INFO CommandSettings] Flag 'unattended': 'False'
[2022-05-12 12:38:24Z INFO PromptManager] ReadValue
[2022-05-12 12:38:24Z INFO Terminal] WRITE: Enter the name of the runner group to add this runner to: 
[2022-05-12 12:38:24Z INFO Terminal] WRITE: [press Enter for Default] 
[2022-05-12 12:38:24Z INFO Terminal] READ LINE
[2022-05-12 12:42:18Z INFO Terminal] Read value: ''
[2022-05-12 12:42:18Z INFO PromptManager] Falling back to the default: 'Default'
[2022-05-12 12:42:18Z INFO Terminal] WRITE LINE: 
[2022-05-12 12:42:18Z INFO ConfigurationManager] Found a self-hosted runner group with id 1 and name Default
[2022-05-12 12:42:18Z INFO CommandSettings] Flag 'disableupdate': 'False'
[2022-05-12 12:42:18Z INFO CommandSettings] Flag 'ephemeral': 'False'
[2022-05-12 12:42:18Z INFO CommandSettings] Arg 'name': ''
[2022-05-12 12:42:18Z INFO CommandSettings] Flag 'unattended': 'False'
[2022-05-12 12:42:18Z INFO PromptManager] ReadValue
[2022-05-12 12:42:18Z INFO Terminal] WRITE: Enter the name of runner: 
[2022-05-12 12:42:18Z INFO Terminal] WRITE: [press Enter for apples-MacBook-Pro] 
[2022-05-12 12:42:18Z INFO Terminal] READ LINE
[2022-05-12 12:42:25Z INFO Terminal] Read value: 'self-hosted'
[2022-05-12 12:42:25Z INFO Terminal] WRITE LINE: 
[2022-05-12 12:42:25Z INFO CommandSettings] Arg 'labels': ''
[2022-05-12 12:42:25Z INFO CommandSettings] Flag 'unattended': 'False'
[2022-05-12 12:42:25Z INFO PromptManager] ReadValue
[2022-05-12 12:42:25Z INFO Terminal] WRITE: This runner will have the following labels: 'self-hosted', 'macOS', 'X64' 
Enter any additional labels (ex. label-1,label-2): 
[2022-05-12 12:42:25Z INFO Terminal] WRITE: [press Enter to skip] 
[2022-05-12 12:42:25Z INFO Terminal] READ LINE
[2022-05-12 12:42:29Z INFO Terminal] Read value: ''
[2022-05-12 12:42:29Z INFO Terminal] WRITE LINE: 
[2022-05-12 12:42:31Z INFO CommandSettings] Flag 'disableupdate': 'False'
[2022-05-12 12:42:31Z INFO CommandSettings] Flag 'disableupdate': 'False'
[2022-05-12 12:42:31Z INFO CommandSettings] Flag 'ephemeral': 'False'
[2022-05-12 12:42:31Z INFO ConfigurationStore] Saving OAuth credential @ /Users/aswinm/Documents/CoddleTech/GithubActions/self-hosted-runner/self-hosted-runner/actions-runner/.credentials
[2022-05-12 12:42:31Z INFO ConfigurationStore] Credentials Saved.
[2022-05-12 12:42:31Z INFO ConfigurationStore] HasCredentials()
[2022-05-12 12:42:31Z INFO ConfigurationStore] stored True
[2022-05-12 12:42:31Z INFO CredentialManager] GetCredentialProvider
[2022-05-12 12:42:31Z INFO CredentialManager] Creating type OAuth
[2022-05-12 12:42:31Z INFO CredentialManager] Creating credential type: OAuth
[2022-05-12 12:42:31Z INFO RSAFileKeyManager] Loading RSA key parameters from file /Users/aswinm/Documents/CoddleTech/GithubActions/self-hosted-runner/self-hosted-runner/actions-runner/.credentials_rsaparams
[2022-05-12 12:42:31Z INFO RunnerServer] Establish connection with 100 seconds timeout.
[2022-05-12 12:42:31Z INFO GitHubActionsService] Starting operation Location.GetConnectionData
[2022-05-12 12:42:31Z INFO RunnerServer] Establish connection with 60 seconds timeout.
[2022-05-12 12:42:31Z INFO GitHubActionsService] Starting operation Location.GetConnectionData
[2022-05-12 12:42:31Z INFO RunnerServer] Establish connection with 60 seconds timeout.
[2022-05-12 12:42:31Z INFO GitHubActionsService] Starting operation Location.GetConnectionData
[2022-05-12 12:42:31Z INFO GitHubActionsService] Finished operation Location.GetConnectionData
[2022-05-12 12:42:32Z INFO GitHubActionsService] Finished operation Location.GetConnectionData
[2022-05-12 12:42:33Z INFO GitHubActionsService] Finished operation Location.GetConnectionData
[2022-05-12 12:42:33Z WARN GitHubActionsService] Authentication failed with status code 401.
Transfer-Encoding: chunked
WWW-Authenticate: Bearer
Strict-Transport-Security: max-age=2592000
X-TFS-ProcessId: 4d85d2b0-d372-435d-a8f4-c81b5180ea5c
ActivityId: 1121ffd4-16d0-4d89-bebb-861742579375
X-TFS-Session: 523ff92a-4c16-489d-a0a3-514545c43d85
X-VSS-E2EID: 870856dd-1325-4e1a-a679-cd8675cdbebb
X-VSS-SenderDeploymentId: 9d51f527-7c54-71ef-5aa4-7c3dc660eb8a
X-TFS-ServiceError: The+user+%27System%3aPublicAccess%3baaaaaaaa-aaaa-aaaa-aaaa-aaaaaaaaaaaa%27+is+not+authorized+to+access+this+resource.
X-VSS-S2STargetService: 0000005A-0000-8888-8000-000000000000/visualstudio.com
X-Cache: CONFIG_NOCACHE
X-MSEdge-Ref: Ref A: 898D525F0F91435FAEAFDCE4257C8590 Ref B: BOM02EDGE0707 Ref C: 2022-05-12T12:42:33Z
Date: Thu, 12 May 2022 12:42:32 GMT

[2022-05-12 12:42:33Z INFO RSAFileKeyManager] Loading RSA key parameters from file /Users/aswinm/Documents/CoddleTech/GithubActions/self-hosted-runner/self-hosted-runner/actions-runner/.credentials_rsaparams
[2022-05-12 12:42:33Z INFO RSAFileKeyManager] Loading RSA key parameters from file /Users/aswinm/Documents/CoddleTech/GithubActions/self-hosted-runner/self-hosted-runner/actions-runner/.credentials_rsaparams
[2022-05-12 12:42:33Z INFO GitHubActionsService] AAD Correlation ID for this token request: Unknown
[2022-05-12 12:42:34Z INFO CommandSettings] Arg 'work': ''
[2022-05-12 12:42:34Z INFO CommandSettings] Flag 'unattended': 'False'
[2022-05-12 12:42:34Z INFO PromptManager] ReadValue
[2022-05-12 12:42:34Z INFO Terminal] WRITE: Enter name of work folder: 
[2022-05-12 12:42:34Z INFO Terminal] WRITE: [press Enter for _work] 
[2022-05-12 12:42:34Z INFO Terminal] READ LINE
[2022-05-12 12:42:40Z INFO Terminal] Read value: ''
[2022-05-12 12:42:40Z INFO PromptManager] Falling back to the default: '_work'
[2022-05-12 12:42:40Z INFO ConfigurationStore] Saving runner settings.
[2022-05-12 12:42:40Z INFO ConfigurationStore] Settings Saved.
[2022-05-12 12:42:40Z INFO Terminal] WRITE LINE: 
[2022-05-12 12:42:40Z INFO Terminal] WRITE LINE: 
[2022-05-12 12:42:40Z INFO OsxServiceControlManager] Service name 'actions.runner.Aswin-Coddletech-GH-React-Action.self-hosted' display name 'GitHub Actions Runner (Aswin-Coddletech-GH-React-Action.self-hosted)' will be used for service configuration.
[2022-05-12 12:42:40Z INFO HostContext] Well known directory 'Bin': '/Users/aswinm/Documents/CoddleTech/GithubActions/self-hosted-runner/self-hosted-runner/actions-runner/bin'
[2022-05-12 12:42:40Z INFO HostContext] Well known directory 'Root': '/Users/aswinm/Documents/CoddleTech/GithubActions/self-hosted-runner/self-hosted-runner/actions-runner'
[2022-05-12 12:42:40Z INFO HostContext] Well known directory 'Bin': '/Users/aswinm/Documents/CoddleTech/GithubActions/self-hosted-runner/self-hosted-runner/actions-runner/bin'
[2022-05-12 12:42:40Z INFO HostContext] Well known directory 'Bin': '/Users/aswinm/Documents/CoddleTech/GithubActions/self-hosted-runner/self-hosted-runner/actions-runner/bin'
[2022-05-12 12:42:40Z INFO HostContext] Well known directory 'Root': '/Users/aswinm/Documents/CoddleTech/GithubActions/self-hosted-runner/self-hosted-runner/actions-runner'
[2022-05-12 12:42:40Z INFO UnixUtil] Which: 'chmod'
[2022-05-12 12:42:40Z INFO UnixUtil] Location: '/bin/chmod'
[2022-05-12 12:42:40Z INFO UnixUtil] Running /bin/chmod 755 "/Users/aswinm/Documents/CoddleTech/GithubActions/self-hosted-runner/self-hosted-runner/actions-runner/svc.sh"
[2022-05-12 12:42:40Z INFO ProcessInvokerWrapper] Starting process:
[2022-05-12 12:42:40Z INFO ProcessInvokerWrapper]   File name: '/bin/chmod'
[2022-05-12 12:42:40Z INFO ProcessInvokerWrapper]   Arguments: '755 "/Users/aswinm/Documents/CoddleTech/GithubActions/self-hosted-runner/self-hosted-runner/actions-runner/svc.sh"'
[2022-05-12 12:42:40Z INFO ProcessInvokerWrapper]   Working directory: '/Users/aswinm/Documents/CoddleTech/GithubActions/self-hosted-runner/self-hosted-runner/actions-runner'
[2022-05-12 12:42:40Z INFO ProcessInvokerWrapper]   Require exit code zero: 'True'
[2022-05-12 12:42:40Z INFO ProcessInvokerWrapper]   Encoding web name:  ; code page: ''
[2022-05-12 12:42:40Z INFO ProcessInvokerWrapper]   Force kill process on cancellation: 'False'
[2022-05-12 12:42:40Z INFO ProcessInvokerWrapper]   Redirected STDIN: 'False'
[2022-05-12 12:42:40Z INFO ProcessInvokerWrapper]   Persist current code page: 'False'
[2022-05-12 12:42:40Z INFO ProcessInvokerWrapper]   Keep redirected STDIN open: 'False'
[2022-05-12 12:42:40Z INFO ProcessInvokerWrapper]   High priority process: 'False'
[2022-05-12 12:42:40Z INFO ProcessInvokerWrapper] Process started with process id 5823, waiting for process exit.
[2022-05-12 12:42:40Z INFO ProcessInvokerWrapper] STDOUT/STDERR stream read finished.
[2022-05-12 12:42:40Z INFO ProcessInvokerWrapper] STDOUT/STDERR stream read finished.
[2022-05-12 12:42:40Z INFO ProcessInvokerWrapper] Finished process 5823 with exit code 0, and elapsed time 00:00:00.0183570.
[2022-05-12 12:42:40Z INFO Listener] Runner execution has finished with return code 0
